Best solution in generation 0 is: x = [43, 43, 13, 36, 33, 15, 55, 27, 18, 50, 43, 27, 26, 18, 32, 7, 43, 54, 54, 51, 33, 41, 52, 43, 24, 22, 42, 8, 12, 61, 25, 3, 18, 57, 40, 46, 52, 14, 4, 16, 54, 55, 20, 21, 37, 26, 16, 24, 50, 4, 15, 61, 19, 45, 37, 1, 13, 7, 9, 15, 24] Modularity = -0.2066398865784499
Number of comunities in this generation is: 37
Best solution in generation 1 is: x = [7, 25, 4, 48, 30, 18, 60, 27, 30, 22, 33, 7, 11, 26, 35, 56, 28, 57, 57, 40, 48, 55, 31, 33, 10, 21, 10, 23, 9, 40, 13, 15, 51, 52, 14, 57, 30, 42, 57, 10, 7, 45, 7, 11, 53, 7, 8, 15, 10, 8, 25, 4, 12, 5, 7, 30, 36, 47, 42, 30, 51] Modularity = -0.1957703213610586
Number of comunities in this generation is: 36
Best solution in generation 2 is: x = [7, 25, 4, 48, 30, 18, 60, 27, 30, 22, 33, 7, 11, 26, 35, 56, 28, 57, 57, 40, 48, 55, 31, 33, 10, 21, 10, 23, 9, 40, 13, 15, 51, 52, 14, 57, 30, 42, 57, 10, 7, 45, 7, 11, 53, 7, 8, 15, 10, 8, 25, 4, 12, 5, 7, 30, 36, 47, 42, 30, 51] Modularity = -0.1957703213610586
Number of comunities in this generation is: 36
Best solution in generation 3 is: x = [7, 25, 4, 48, 30, 18, 60, 27, 30, 22, 33, 7, 11, 26, 35, 56, 28, 57, 57, 40, 48, 55, 31, 33, 10, 21, 10, 23, 9, 40, 13, 15, 51, 52, 14, 57, 30, 42, 57, 10, 7, 45, 7, 11, 53, 7, 8, 15, 10, 8, 25, 4, 12, 5, 7, 30, 36, 47, 42, 30, 51] Modularity = -0.1957703213610586
Number of comunities in this generation is: 36
Best solution in generation 4 is: x = [7, 25, 4, 48, 30, 18, 60, 27, 30, 22, 33, 7, 11, 26, 35, 56, 28, 57, 57, 40, 48, 55, 31, 33, 10, 21, 10, 23, 9, 40, 13, 15, 51, 52, 14, 57, 30, 42, 57, 10, 7, 45, 7, 11, 53, 7, 8, 15, 10, 8, 25, 4, 12, 5, 7, 30, 36, 47, 42, 30, 51] Modularity = -0.1957703213610586
Number of comunities in this generation is: 36
Best solution in generation 5 is: x = [52, 27, 36, 11, 45, 36, 45, 25, 25, 31, 29, 34, 30, 57, 13, 47, 16, 14, 45, 59, 52, 1, 47, 45, 20, 3, 2, 53, 34, 52, 5, 52, 7, 52, 52, 50, 55, 8, 56, 53, 28, 52, 25, 41, 8, 17, 1, 8, 54, 43, 60, 52, 5, 51, 30, 19, 1, 42, 18, 47, 33] Modularity = -0.1849007561436673
Number of comunities in this generation is: 38
Best solution in generation 6 is: x = [52, 27, 36, 11, 45, 36, 45, 25, 25, 31, 29, 34, 30, 57, 13, 47, 16, 14, 45, 59, 52, 1, 47, 45, 20, 3, 2, 53, 34, 52, 5, 52, 7, 52, 52, 50, 55, 8, 56, 53, 28, 52, 25, 41, 8, 17, 1, 8, 54, 43, 60, 52, 5, 51, 30, 19, 1, 42, 18, 47, 33] Modularity = -0.1849007561436673
Number of comunities in this generation is: 38
Best solution in generation 7 is: x = [52, 27, 36, 11, 45, 36, 45, 25, 25, 31, 29, 34, 30, 57, 13, 47, 16, 14, 45, 59, 52, 1, 47, 45, 20, 3, 2, 53, 34, 52, 5, 52, 7, 52, 52, 50, 55, 8, 56, 53, 28, 52, 25, 41, 8, 17, 1, 8, 54, 43, 60, 52, 5, 51, 30, 19, 1, 42, 18, 47, 33] Modularity = -0.1849007561436673
Number of comunities in this generation is: 38
Best solution in generation 8 is: x = [52, 27, 36, 11, 45, 36, 45, 25, 25, 31, 29, 34, 30, 57, 13, 47, 16, 14, 45, 59, 52, 1, 47, 45, 20, 3, 2, 53, 34, 52, 5, 52, 7, 52, 52, 50, 55, 8, 56, 53, 28, 52, 25, 41, 8, 17, 1, 8, 54, 43, 60, 52, 5, 51, 30, 19, 1, 42, 18, 47, 33] Modularity = -0.1849007561436673
Number of comunities in this generation is: 38
Best solution in generation 9 is: x = [52, 27, 36, 11, 45, 36, 45, 25, 25, 31, 29, 34, 30, 57, 13, 47, 16, 14, 45, 59, 52, 1, 47, 45, 20, 3, 2, 53, 34, 52, 5, 52, 7, 52, 52, 50, 55, 8, 56, 53, 28, 52, 25, 41, 8, 17, 1, 8, 54, 43, 60, 52, 5, 51, 30, 19, 1, 42, 18, 47, 33] Modularity = -0.1849007561436673
Number of comunities in this generation is: 38
Best solution in generation 10 is: x = [52, 27, 36, 11, 17, 36, 45, 25, 25, 31, 10, 34, 30, 57, 13, 47, 16, 14, 44, 52, 52, 1, 47, 45, 20, 3, 2, 53, 34, 52, 5, 52, 7, 52, 52, 50, 55, 8, 56, 53, 28, 52, 43, 41, 8, 17, 1, 13, 50, 18, 39, 52, 5, 7, 30, 61, 17, 30, 33, 51, 16] Modularity = -0.17403119092627597
Number of comunities in this generation is: 36
Best solution in generation 11 is: x = [52, 27, 36, 11, 17, 36, 45, 25, 25, 31, 10, 34, 30, 57, 13, 47, 16, 14, 44, 52, 52, 1, 47, 45, 20, 3, 2, 53, 34, 52, 5, 52, 7, 52, 52, 50, 55, 8, 56, 53, 28, 52, 43, 41, 8, 17, 1, 13, 50, 18, 39, 52, 5, 7, 30, 61, 17, 30, 33, 51, 16] Modularity = -0.17403119092627597
Number of comunities in this generation is: 36
Best solution in generation 12 is: x = [52, 27, 36, 11, 17, 36, 45, 25, 25, 31, 10, 34, 30, 57, 13, 47, 16, 14, 44, 52, 52, 1, 47, 45, 20, 3, 2, 53, 34, 52, 5, 52, 7, 52, 52, 50, 55, 8, 56, 53, 28, 52, 43, 41, 8, 17, 1, 13, 50, 18, 39, 52, 5, 7, 30, 61, 17, 30, 33, 51, 16] Modularity = -0.17403119092627597
Number of comunities in this generation is: 36
Best solution in generation 13 is: x = [52, 27, 36, 11, 17, 36, 45, 25, 25, 31, 10, 34, 30, 57, 13, 47, 16, 14, 44, 52, 52, 1, 47, 45, 20, 3, 2, 53, 34, 52, 5, 52, 7, 52, 52, 50, 55, 8, 56, 53, 28, 52, 43, 41, 8, 17, 1, 13, 50, 18, 39, 52, 5, 7, 30, 61, 17, 30, 33, 51, 16] Modularity = -0.17403119092627597
Number of comunities in this generation is: 36
Best solution in generation 14 is: x = [52, 27, 36, 11, 17, 36, 45, 25, 25, 31, 10, 34, 30, 57, 13, 47, 16, 14, 44, 52, 52, 1, 47, 45, 20, 3, 2, 53, 34, 52, 5, 52, 7, 52, 52, 50, 55, 8, 56, 53, 28, 52, 43, 41, 8, 17, 1, 13, 50, 18, 39, 52, 5, 7, 30, 61, 17, 30, 33, 51, 16] Modularity = -0.17403119092627597
Number of comunities in this generation is: 36
Best solution in generation 15 is: x = [52, 52, 36, 11, 45, 36, 45, 25, 25, 31, 29, 34, 30, 57, 13, 47, 16, 75, 45, 59, 52, 52, 47, 45, 20, 58, 3, 53, 34, 52, 5, 47, 7, 52, 52, 50, 55, 8, 56, 53, 29, 52, 25, 41, 8, 17, 54, 8, 6, 43, 60, 52, 39, 54, 32, 39, 26, 41, 24, 11, 45] Modularity = -0.16316162570888468
Number of comunities in this generation is: 35
Best solution in generation 16 is: x = [52, 52, 36, 11, 45, 36, 45, 25, 25, 31, 29, 34, 30, 57, 13, 47, 16, 75, 45, 59, 52, 52, 47, 45, 20, 58, 3, 53, 34, 52, 5, 47, 7, 52, 52, 50, 55, 8, 56, 53, 29, 52, 25, 41, 8, 17, 54, 8, 6, 43, 60, 52, 39, 54, 32, 39, 26, 41, 24, 11, 45] Modularity = -0.16316162570888468
Number of comunities in this generation is: 35
Best solution in generation 17 is: x = [52, 52, 36, 11, 45, 36, 45, 25, 25, 31, 29, 34, 30, 57, 13, 47, 16, 75, 45, 59, 52, 52, 47, 45, 20, 58, 3, 53, 34, 52, 5, 47, 7, 52, 52, 50, 55, 8, 56, 53, 29, 52, 25, 41, 8, 17, 54, 8, 6, 43, 60, 52, 39, 54, 32, 39, 26, 41, 24, 11, 45] Modularity = -0.16316162570888468
Number of comunities in this generation is: 35
Best solution in generation 18 is: x = [52, 52, 36, 11, 45, 36, 45, 25, 25, 31, 29, 34, 30, 57, 13, 47, 16, 75, 45, 59, 52, 52, 47, 45, 20, 58, 3, 53, 34, 52, 5, 47, 7, 52, 52, 50, 55, 8, 56, 53, 29, 52, 25, 41, 8, 17, 54, 8, 6, 43, 60, 52, 39, 54, 32, 39, 26, 41, 24, 11, 45] Modularity = -0.16316162570888468
Number of comunities in this generation is: 35
Best solution in generation 19 is: x = [52, 52, 36, 11, 45, 36, 45, 25, -6, 31, 29, 34, 30, 57, 13, 47, 16, 75, 45, 59, 52, 52, 47, 45, 20, 58, 3, 53, 34, 52, 5, 47, 7, 52, 52, 50, 55, 8, 52, 53, 28, 52, 52, 41, 8, 17, 1, 8, 54, 43, 60, 52, 54, 38, 30, 61, 62, 47, 42, 47, 33] Modularity = -0.14142249527410208
Number of comunities in this generation is: 37
Best solution in generation 20 is: x = [52, 52, 36, 11, 45, 36, 45, 25, -6, 31, 29, 34, 30, 57, 13, 47, 16, 75, 45, 59, 52, 52, 47, 45, 20, 58, 3, 53, 34, 52, 5, 47, 7, 52, 52, 50, 55, 8, 52, 53, 28, 52, 52, 41, 8, 17, 1, 8, 54, 43, 60, 52, 54, 38, 30, 61, 62, 47, 42, 47, 33] Modularity = -0.14142249527410208
Number of comunities in this generation is: 37
Best solution in generation 21 is: x = [52, 52, 36, 11, 45, 36, 45, 25, -6, 31, 29, 34, 30, 57, 13, 47, 16, 75, 45, 59, 52, 52, 47, 45, 20, 58, 3, 53, 34, 52, 5, 47, 7, 52, 52, 50, 55, 8, 52, 53, 28, 52, 52, 41, 8, 17, 1, 8, 54, 43, 60, 52, 54, 38, 30, 61, 62, 47, 42, 47, 33] Modularity = -0.14142249527410208
Number of comunities in this generation is: 37
Best solution in generation 22 is: x = [52, 52, 36, 11, 45, 36, 45, 25, -6, 31, 29, 34, 30, 57, 13, 47, 16, 75, 45, 59, 52, 52, 47, 45, 20, 58, 3, 53, 34, 52, 5, 47, 7, 52, 52, 50, 55, 8, 52, 53, 28, 52, 52, 41, 8, 17, 1, 8, 54, 43, 60, 52, 54, 38, 30, 61, 62, 47, 42, 47, 33] Modularity = -0.14142249527410208
Number of comunities in this generation is: 37
Best solution in generation 23 is: x = [52, 52, 36, 11, 45, 36, 45, 25, -6, 31, 29, 34, 30, 57, 13, 47, 16, 75, 45, 59, 52, 52, 47, 45, 20, 58, 3, 53, 34, 52, 5, 47, 7, 52, 52, 50, 55, 8, 52, 53, 28, 52, 52, 41, 8, 17, 1, 8, 54, 43, 60, 52, 54, 38, 30, 61, 62, 47, 42, 47, 33] Modularity = -0.14142249527410208
Number of comunities in this generation is: 37
Best solution in generation 24 is: x = [52, 52, 36, 11, 45, 36, 45, 25, 25, 31, 10, 34, 30, 69, 13, 47, 52, 14, 44, 52, 52, 13, 36, 43, 29, 22, 45, 53, 34, 52, 5, 47, 7, 52, 52, 50, 55, 8, 52, 53, 28, 52, 52, 41, 8, 17, 1, 8, 54, 43, 60, 52, 54, 38, 30, 61, 62, 47, 42, 47, 33] Modularity = -0.13055293005671076
Number of comunities in this generation is: 34
Best solution in generation 25 is: x = [52, 52, 36, 11, 45, 36, 45, 25, 25, 31, 10, 34, 30, 69, 13, 47, 52, 14, 44, 52, 52, 13, 36, 43, 29, 22, 45, 53, 34, 52, 5, 47, 7, 52, 52, 50, 55, 8, 52, 53, 28, 52, 52, 41, 8, 17, 1, 8, 54, 43, 60, 52, 54, 38, 30, 61, 62, 47, 42, 47, 33] Modularity = -0.13055293005671076
Number of comunities in this generation is: 34
Best solution in generation 26 is: x = [52, 52, 36, 6, 45, 36, 45, 25, 52, 31, 29, 34, 11, 58, 13, 47, 16, 14, 45, 59, 52, 52, 47, 43, 28, 22, 42, 53, 52, 52, 5, 47, 27, 52, 52, 50, 55, 8, 52, 53, 28, 52, 52, 41, 8, 17, 26, 8, 54, 43, 60, 52, 54, 38, 30, 61, 36, 47, 42, 7, 51] Modularity = -0.11968336483931946
Number of comunities in this generation is: 35
Best solution in generation 27 is: x = [52, 52, 36, 11, 45, 91, 45, 17, 25, 31, 29, 34, 58, -1, 13, 47, 16, 14, 44, 52, 52, 52, 58, 45, 20, 58, 3, 53, 52, 52, 5, 47, 7, 52, 52, 50, 55, 8, 52, 53, 28, 52, 52, 41, 19, 52, 1, 13, 50, 43, 60, 52, 39, 54, 58, 39, 26, 41, 24, 56, 45] Modularity = -0.10881379962192816
Number of comunities in this generation is: 36
Best solution in generation 28 is: x = [52, 52, 36, 11, 45, 91, 45, 17, 25, 31, 29, 34, 58, -1, 13, 47, 16, 14, 44, 52, 52, 52, 58, 45, 20, 58, 3, 53, 52, 52, 5, 47, 7, 52, 52, 50, 55, 8, 52, 53, 28, 52, 52, 41, 19, 52, 1, 13, 50, 43, 60, 52, 39, 54, 58, 39, 26, 41, 24, 56, 45] Modularity = -0.10881379962192816
Number of comunities in this generation is: 36
Best solution in generation 29 is: x = [52, 52, 36, 11, 45, 91, 45, 17, 25, 31, 29, 34, 58, -1, 13, 47, 16, 14, 44, 52, 52, 52, 58, 45, 20, 58, 3, 53, 52, 52, 5, 47, 7, 52, 52, 50, 55, 8, 52, 53, 28, 52, 52, 41, 19, 52, 1, 13, 50, 43, 60, 52, 39, 54, 58, 39, 26, 41, 24, 56, 45] Modularity = -0.10881379962192816
Number of comunities in this generation is: 36
Best solution in generation 30 is: x = [52, 52, 36, 11, 45, 57, 45, 25, 52, 31, 29, 34, 11, 57, 13, 47, 16, 14, 69, 59, 52, 52, 58, 52, 20, 58, 3, 53, 52, 52, 5, 64, 27, 52, 52, 55, 55, 8, 52, 53, 28, 52, 52, 41, 8, 17, 1, 37, 50, 43, 52, 52, 39, 54, 58, 39, 26, 41, 24, 11, 45] Modularity = -0.09794423440453685
Number of comunities in this generation is: 35
Best solution in generation 31 is: x = [52, 52, 36, 11, 45, 57, 45, 25, 52, 31, 29, 34, 11, 57, 13, 47, 16, 14, 45, 59, 52, 52, 58, 52, 20, 58, 42, 53, 52, 52, 52, 27, 39, 52, 52, 50, 51, 8, 52, 53, 28, 52, 52, 41, 22, 17, 1, 13, 50, 1, 52, 52, 39, 54, 58, 39, 26, 41, 24, 56, 45] Modularity = -0.08707466918714556
Number of comunities in this generation is: 32
Best solution in generation 32 is: x = [52, 52, 36, 11, 45, 57, 45, 25, 52, 31, 29, 34, 11, 57, 13, 47, 41, 14, 45, 59, 52, 52, 0, 52, 20, 58, 3, 53, 52, 52, 5, 47, 7, 52, 52, 50, 19, 44, 52, 53, 52, 52, 52, 41, 8, 52, 1, 8, 50, 43, 52, 52, 39, 63, 58, 61, 62, 47, 42, 47, 33] Modularity = -0.07620510396975425
Number of comunities in this generation is: 33
Best solution in generation 33 is: x = [52, 52, 36, 11, 45, 57, 45, 25, 52, 31, 29, 34, 11, 57, 13, 47, 41, 14, 45, 59, 52, 52, 0, 52, 20, 58, 3, 53, 52, 52, 5, 47, 7, 52, 52, 50, 19, 44, 52, 53, 52, 52, 52, 41, 8, 52, 1, 8, 50, 43, 52, 52, 39, 63, 58, 61, 62, 47, 42, 47, 33] Modularity = -0.07620510396975425
Number of comunities in this generation is: 33
Best solution in generation 34 is: x = [52, 52, 36, 11, 45, 57, 45, 25, 52, 31, 29, 34, 11, 57, 13, 47, 41, 14, 45, 59, 52, 52, 0, 52, 20, 58, 3, 53, 52, 52, 5, 47, 7, 52, 52, 50, 19, 44, 52, 53, 52, 52, 52, 41, 8, 52, 1, 8, 50, 43, 52, 52, 39, 63, 58, 61, 62, 47, 42, 47, 33] Modularity = -0.07620510396975425
Number of comunities in this generation is: 33
Best solution in generation 35 is: x = [52, 52, 36, 11, 45, 36, 45, 52, -6, 43, 29, 52, 51, -1, 13, 47, 16, 14, 37, 52, 52, 52, 45, 45, 20, 58, 3, 53, 52, 52, 5, 47, 7, 52, 52, 50, 19, 44, 52, 53, 52, 52, 52, 41, 8, 52, 1, 8, 50, 43, 52, 52, 39, 63, 58, 61, 62, 47, 42, 47, 33] Modularity = -0.06533553875236295
Number of comunities in this generation is: 32
Best solution in generation 36 is: x = [52, 52, 36, 11, 45, 36, 45, 52, -6, 43, 29, 52, 51, -1, 13, 47, 16, 14, 37, 52, 52, 52, 45, 45, 20, 58, 3, 53, 52, 52, 5, 47, 7, 52, 52, 50, 19, 44, 52, 53, 52, 52, 52, 41, 8, 52, 1, 8, 50, 43, 52, 52, 39, 63, 58, 61, 62, 47, 42, 47, 33] Modularity = -0.06533553875236295
Number of comunities in this generation is: 32
Best solution in generation 37 is: x = [52, 52, 36, 11, 45, 36, 45, 52, -6, 43, 29, 52, 51, -1, 13, 47, 16, 14, 44, 52, 52, 52, 45, 45, 52, 58, 3, 53, 52, 52, 5, 47, 7, 52, 52, 50, 19, 44, 52, 53, 52, 52, 52, 41, 8, 52, 1, 8, 50, 43, 52, 52, 39, 63, 58, 61, 62, 47, 42, 47, 33] Modularity = -0.05446597353497164
Number of comunities in this generation is: 30
Best solution in generation 38 is: x = [52, 52, 36, 11, 45, 36, 45, 52, -6, 43, 29, 52, 51, -1, 13, 47, 16, 14, 44, 52, 52, 52, 45, 45, 52, 58, 3, 53, 52, 52, 5, 47, 7, 52, 52, 50, 19, 44, 52, 53, 52, 52, 52, 41, 8, 52, 1, 8, 50, 43, 52, 52, 39, 63, 58, 61, 62, 47, 42, 47, 33] Modularity = -0.05446597353497164
Number of comunities in this generation is: 30
Best solution in generation 39 is: x = [52, 52, 14, 11, 45, 45, -9, 52, -6, 43, 29, 52, 51, -1, 13, 47, 16, 14, 44, 52, 52, 52, 58, 52, 20, 58, 52, 53, 52, 52, 52, 27, 36, 52, 39, 50, 54, 44, 52, 53, 52, 52, 52, 41, 8, 52, 1, 13, 50, 43, 52, 52, 39, 54, 57, 39, 26, 25, 24, 56, 45] Modularity = -0.04359640831758033
Number of comunities in this generation is: 30
Best solution in generation 40 is: x = [52, 52, 14, 11, 45, 45, -9, 52, -6, 43, 29, 52, 51, -1, 13, 47, 16, 14, 44, 52, 52, 52, 58, 52, 20, 58, 52, 53, 52, 52, 52, 27, 36, 52, 39, 50, 54, 44, 52, 53, 52, 52, 52, 41, 8, 52, 1, 13, 50, 43, 52, 52, 39, 54, 57, 39, 26, 25, 24, 56, 45] Modularity = -0.04359640831758033
Number of comunities in this generation is: 30
Best solution in generation 41 is: x = [52, 52, 14, 11, 45, 45, -9, 52, -6, 43, 29, 52, 51, -1, 13, 47, 16, 14, 44, 52, 52, 52, 58, 52, 20, 58, 52, 53, 52, 52, 52, 27, 36, 52, 39, 50, 54, 44, 52, 53, 52, 52, 52, 41, 8, 52, 1, 13, 50, 43, 52, 52, 39, 54, 57, 39, 26, 25, 24, 56, 45] Modularity = -0.04359640831758033
Number of comunities in this generation is: 30
Best solution in generation 42 is: x = [52, 52, 36, 6, 30, 36, 52, 25, 52, 31, 29, 52, 51, -1, 13, 47, 16, 14, 44, 52, 52, 52, 58, 52, 20, 58, 52, 53, 52, 52, 52, 27, 36, 52, 39, 50, 54, 44, 52, 53, 52, 52, 52, 41, 8, 52, 1, 8, 50, 43, 52, 52, 39, 63, 47, 61, 30, 47, 42, 47, 33] Modularity = -0.03272684310018903
Number of comunities in this generation is: 29
Best solution in generation 43 is: x = [52, 52, 52, 52, 93, 36, 45, 17, 64, 31, 29, 52, 58, -1, 52, 85, 16, 39, 44, 52, 52, 52, 58, 52, 20, 58, 52, 53, 52, 52, 52, 27, 36, 52, 39, 50, 54, 44, 52, 53, 52, 52, 52, 41, 8, 52, 1, 13, 50, 41, 52, 52, 39, 54, 57, 39, 26, 25, 24, 52, 54] Modularity = -0.021857277882797725
Number of comunities in this generation is: 27
Best solution in generation 44 is: x = [52, 52, 52, 52, 93, 36, 52, 25, 52, 52, 29, 60, 58, 53, 13, 47, 16, 19, 3, 52, 52, 52, 58, 52, 20, 58, 52, 53, 52, 52, 60, 64, 27, 52, 52, 50, 48, 44, 52, 53, 52, 52, 52, 41, 8, 52, 56, 8, 50, 43, 52, 52, 39, 54, 58, 6, 26, 41, 43, 32, -17] Modularity = -0.010987712665406421
Number of comunities in this generation is: 29
Best solution in generation 45 is: x = [52, 52, 52, 52, 93, 36, 52, 25, 52, 52, 29, 60, 58, 53, 13, 47, 16, 19, 3, 52, 52, 52, 58, 52, 20, 58, 52, 53, 52, 52, 60, 64, 27, 52, 52, 50, 48, 44, 52, 53, 52, 52, 52, 41, 8, 52, 56, 8, 50, 43, 52, 52, 39, 54, 58, 6, 26, 41, 43, 32, -17] Modularity = -0.010987712665406421
Number of comunities in this generation is: 29
Best solution in generation 46 is: x = [52, 52, 52, 52, 93, 36, 45, 11, 52, 52, 29, 34, 11, -1, 52, 85, 16, 14, 128, 52, 52, 52, 58, 52, 52, 58, 60, 53, 52, 52, 52, 27, 62, 52, 52, 50, 76, 44, 52, 56, 52, 52, 52, 41, 8, 52, 51, 8, 50, 43, 52, 52, 39, 41, 58, 6, 50, 41, 43, 47, 33] Modularity = -0.00011814744801511615
Number of comunities in this generation is: 29
Best solution in generation 47 is: x = [52, 52, 52, 52, 93, 36, 45, 11, 52, 52, 29, 34, 11, -1, 52, 85, 16, 14, 128, 52, 52, 52, 58, 52, 52, 58, 60, 53, 52, 52, 52, 27, 62, 52, 52, 50, 76, 44, 52, 56, 52, 52, 52, 41, 8, 52, 51, 8, 50, 43, 52, 52, 39, 41, 58, 6, 50, 41, 43, 47, 33] Modularity = -0.00011814744801511615
Number of comunities in this generation is: 29
Best solution in generation 48 is: x = [52, 52, 52, 52, 93, 36, 45, 11, 52, 52, 29, 34, 11, -1, 52, 85, 16, 14, 128, 52, 52, 52, 58, 52, 52, 58, 60, 53, 52, 52, 52, 27, 62, 52, 52, 50, 76, 44, 52, 56, 52, 52, 52, 41, 8, 52, 51, 8, 50, 43, 52, 52, 39, 41, 58, 6, 50, 41, 43, 47, 33] Modularity = -0.00011814744801511615
Number of comunities in this generation is: 29
Best solution in generation 49 is: x = [52, 52, 36, 11, 41, 52, 52, 25, 52, 52, 45, 52, 51, -1, 52, 47, 16, 14, 44, 52, 52, 52, 61, 52, 20, 58, 52, 53, 52, 52, 52, 27, 19, 52, 52, 50, 76, 44, 52, 56, 52, 52, 52, 52, 47, 52, 1, 8, 50, 43, 52, 52, 39, 51, 58, 61, 62, 47, 42, 47, 33] Modularity = 0.02162098298676749
Number of comunities in this generation is: 28
Best solution in generation 50 is: x = [52, 52, 36, 11, 41, 52, 52, 25, 52, 52, 45, 52, 51, -1, 52, 47, 16, 14, 44, 52, 52, 52, 61, 52, 20, 58, 52, 53, 52, 52, 52, 27, 19, 52, 52, 50, 76, 44, 52, 56, 52, 52, 52, 52, 47, 52, 1, 8, 50, 43, 52, 52, 39, 51, 58, 61, 62, 47, 42, 47, 33] Modularity = 0.02162098298676749
Number of comunities in this generation is: 28
Best solution in generation 51 is: x = [52, 52, 52, 52, 93, 52, 52, 25, 52, 52, 45, 52, 51, -1, 52, 47, 16, 14, 44, 52, 52, 52, 61, 52, 20, 58, 52, 53, 52, 52, 52, 27, 19, 52, 52, 33, 76, 44, 52, 56, 52, 52, 52, 52, 47, 52, 1, 8, 50, 43, 52, 52, 39, 51, 58, 61, 62, 47, 42, 47, 33] Modularity = 0.0433601134215501
Number of comunities in this generation is: 26
Best solution in generation 52 is: x = [52, 52, 52, 52, 93, 52, 52, 25, 52, 52, 45, 52, 51, -1, 52, 47, 16, 14, 44, 52, 52, 52, 61, 52, 20, 58, 52, 53, 52, 52, 52, 27, 19, 52, 52, 33, 76, 44, 52, 56, 52, 52, 52, 52, 47, 52, 1, 8, 50, 43, 52, 52, 39, 51, 58, 61, 62, 47, 42, 47, 33] Modularity = 0.0433601134215501
Number of comunities in this generation is: 26
Best solution in generation 53 is: x = [52, 52, 52, 52, 93, 52, 52, 25, 52, 52, 45, 52, 51, -1, 52, 47, 16, 14, 44, 52, 52, 52, 61, 52, 20, 58, 52, 53, 52, 52, 52, 27, 19, 52, 52, 33, 76, 44, 52, 56, 52, 52, 52, 52, 47, 52, 1, 8, 50, 43, 52, 52, 39, 51, 58, 61, 62, 47, 42, 47, 33] Modularity = 0.0433601134215501
Number of comunities in this generation is: 26
Best solution in generation 54 is: x = [52, 52, 52, 52, 93, 52, 52, 25, 52, 52, 45, 52, 51, -1, 52, 47, 16, 14, 44, 52, 52, 52, 61, 52, 20, 58, 52, 53, 52, 52, 52, 27, 19, 52, 52, 33, 76, 44, 52, 56, 52, 52, 52, 52, 47, 52, 1, 8, 50, 43, 52, 52, 39, 51, 58, 61, 62, 47, 42, 47, 33] Modularity = 0.0433601134215501
Number of comunities in this generation is: 26
Best solution in generation 55 is: x = [52, 52, 52, 52, 93, 52, 52, 25, 52, 52, 45, 52, 51, -1, 52, 47, 16, 14, 44, 52, 52, 52, 61, 52, 20, 58, 52, 53, 52, 52, 52, 27, 19, 52, 52, 33, 76, 44, 52, 56, 52, 52, 52, 52, 47, 52, 1, 8, 50, 43, 52, 52, 39, 51, 58, 61, 62, 47, 42, 47, 33] Modularity = 0.0433601134215501
Number of comunities in this generation is: 26
Best solution in generation 56 is: x = [52, 52, 52, 52, 93, 52, 52, 25, 52, 52, 45, 52, 51, -1, 52, 47, 16, 14, 44, 52, 52, 52, 61, 52, 20, 58, 52, 53, 52, 52, 52, 27, 19, 52, 52, 33, 76, 44, 52, 56, 52, 52, 52, 52, 47, 52, 1, 8, 50, 43, 52, 52, 39, 51, 58, 61, 62, 47, 42, 47, 33] Modularity = 0.0433601134215501
Number of comunities in this generation is: 26
Best solution in generation 57 is: x = [52, 52, 52, 52, 52, 36, 52, 45, 52, 52, 29, 60, 43, -1, 52, 47, 52, 14, 44, 52, 52, 52, 61, 52, 47, 58, 52, 62, 52, 52, 52, 27, 52, 52, 52, 50, 19, 8, 52, 21, 52, 52, 52, 52, 47, 52, 1, 8, 50, 43, 52, 52, 46, 51, 55, 61, 62, 47, 42, 32, -17] Modularity = 0.0542296786389414
Number of comunities in this generation is: 25
Best solution in generation 58 is: x = [52, 52, 52, 52, 52, 36, 52, 45, 52, 52, 29, 60, 43, -1, 52, 47, 52, 14, 44, 52, 52, 52, 61, 52, 47, 58, 52, 62, 52, 52, 52, 27, 52, 52, 52, 50, 19, 8, 52, 21, 52, 52, 52, 52, 47, 52, 1, 8, 50, 43, 52, 52, 46, 51, 55, 61, 62, 47, 42, 32, -17] Modularity = 0.0542296786389414
Number of comunities in this generation is: 25
Best solution in generation 59 is: x = [52, 52, 52, 52, 52, 36, 52, 45, 52, 52, 29, 60, 43, -1, 52, 47, 52, 14, 44, 52, 52, 52, 61, 52, 47, 58, 52, 62, 52, 52, 52, 27, 52, 52, 52, 50, 19, 8, 52, 21, 52, 52, 52, 52, 47, 52, 1, 8, 50, 43, 52, 52, 46, 51, 55, 61, 62, 47, 42, 32, -17] Modularity = 0.0542296786389414
Number of comunities in this generation is: 25
Best solution in generation 60 is: x = [52, 52, 52, 52, 44, 52, 52, 25, 52, 52, 56, 52, 51, -1, 52, 47, 16, 14, 44, 52, 52, 52, 58, 52, 20, 58, 52, 62, 52, 52, 52, 27, 19, 52, 52, 33, 76, 44, 52, 52, 52, 52, 52, 52, 47, 52, 1, 8, 50, 43, 52, 52, 39, 63, 52, -1, 0, 22, 50, 47, 33] Modularity = 0.06509924385633271
Number of comunities in this generation is: 24
Best solution in generation 61 is: x = [52, 52, 52, 52, 44, 52, 52, 25, 52, 52, 56, 52, 51, -1, 52, 47, 16, 14, 44, 52, 52, 52, 58, 52, 20, 58, 52, 62, 52, 52, 52, 27, 19, 52, 52, 33, 76, 44, 52, 52, 52, 52, 52, 52, 47, 52, 1, 8, 50, 43, 52, 52, 39, 63, 52, -1, 0, 22, 50, 47, 33] Modularity = 0.06509924385633271
Number of comunities in this generation is: 24
Best solution in generation 62 is: x = [52, 52, 52, 52, 93, 52, 52, 66, 52, 52, 29, 52, 52, -1, 52, 47, 52, 14, 44, 52, 52, 52, 61, 52, 47, 58, 52, 53, 52, 52, 52, 27, 19, 52, 41, 33, 52, 76, 52, 52, 52, 52, 52, 52, 47, 52, 1, 8, 50, 45, 52, 52, 48, 63, 58, 39, 0, 22, 65, 56, 45] Modularity = 0.07596880907372401
Number of comunities in this generation is: 27
Best solution in generation 63 is: x = [52, 52, 52, 52, 93, 52, 52, 56, 52, 52, 29, 52, 56, 52, 52, 47, 52, 14, -12, 52, 52, 52, 61, 52, 47, 58, 52, 62, 52, 52, 52, 25, 19, 52, 52, 50, 52, 44, 52, 43, 52, 52, 52, 52, 47, 52, 1, 8, 50, 43, 52, 52, 39, 63, 52, -1, 0, 22, 50, 47, 33] Modularity = 0.08683837429111532
Number of comunities in this generation is: 23
Best solution in generation 64 is: x = [52, 52, 52, 52, 44, 52, 52, 25, 52, 52, 29, 52, 52, -1, 52, 30, 52, 52, 44, 52, 52, 52, 58, 52, 20, 58, 52, 62, 52, 52, 58, 27, 19, 52, 52, 33, 76, 44, 52, 52, 52, 52, 52, 52, 8, 52, 52, 8, 52, 43, 52, 52, 58, 63, 58, 39, 78, 22, 65, 53, 45] Modularity = 0.09770793950850662
Number of comunities in this generation is: 22
Best solution in generation 65 is: x = [52, 52, 52, 52, 44, 52, 52, 25, 52, 52, 29, 52, 52, -1, 52, 30, 52, 52, 44, 52, 52, 52, 58, 52, 20, 58, 52, 62, 52, 52, 58, 27, 19, 52, 52, 33, 76, 44, 52, 52, 52, 52, 52, 52, 8, 52, 52, 8, 52, 43, 52, 52, 58, 63, 58, 39, 78, 22, 65, 53, 45] Modularity = 0.09770793950850662
Number of comunities in this generation is: 22
Best solution in generation 66 is: x = [52, 52, 52, 52, 44, 52, 52, 25, 52, 52, 29, 52, 52, -1, 52, 30, 52, 52, 44, 52, 52, 52, 58, 52, 20, 58, 52, 62, 52, 52, 58, 27, 19, 52, 52, 33, 76, 44, 52, 52, 52, 52, 52, 52, 8, 52, 52, 8, 52, 43, 52, 52, 58, 63, 58, 39, 78, 22, 65, 53, 45] Modularity = 0.09770793950850662
Number of comunities in this generation is: 22
Best solution in generation 67 is: x = [52, 52, 52, 52, 44, 52, 52, 52, 52, 52, 56, 52, 52, -1, 52, 30, 70, 14, 52, 52, 52, 52, 61, 52, 20, 58, 52, 62, 52, 52, 52, 27, 52, 52, 52, 33, 76, 44, 52, 52, 52, 52, 52, 52, 47, 52, 39, 18, 50, 43, 52, 52, 39, 18, 52, -1, 0, 22, 50, 47, 6] Modularity = 0.10857750472589793
Number of comunities in this generation is: 22
Best solution in generation 68 is: x = [52, 52, 52, 52, 44, 52, 52, 52, 52, 52, 56, 52, 52, -1, 52, 30, 70, 14, 52, 52, 52, 52, 61, 52, 20, 58, 52, 62, 52, 52, 52, 27, 52, 52, 52, 33, 76, 44, 52, 52, 52, 52, 52, 52, 47, 52, 39, 18, 50, 43, 52, 52, 39, 18, 52, -1, 0, 22, 50, 47, 6] Modularity = 0.10857750472589793
Number of comunities in this generation is: 22
Best solution in generation 69 is: x = [52, 52, 52, 52, 44, 52, 52, 52, 52, 52, 56, 52, 52, -1, 52, 30, 52, 14, 61, 52, 52, 52, 58, 52, 47, 58, 52, 53, 52, 52, 52, 27, 19, 52, 52, 50, 76, 44, 52, 52, 52, 52, 52, 52, 8, 52, 52, 8, 52, 43, 52, 52, 58, 63, 52, -1, 0, 22, 50, 47, 75] Modularity = 0.11944706994328923
Number of comunities in this generation is: 20
Best solution in generation 70 is: x = [52, 52, 52, 52, 44, 52, 52, 52, 52, 52, 56, 52, 52, -1, 52, 30, 52, 14, 61, 52, 52, 52, 58, 52, 47, 58, 52, 53, 52, 52, 52, 27, 19, 52, 52, 50, 76, 44, 52, 52, 52, 52, 52, 52, 8, 52, 52, 8, 52, 43, 52, 52, 58, 63, 52, -1, 0, 22, 50, 47, 75] Modularity = 0.11944706994328923
Number of comunities in this generation is: 20
Best solution in generation 71 is: x = [52, 52, 52, 52, 44, 52, 52, 52, 52, 52, 56, 52, 52, -1, 52, 30, 52, 14, 61, 52, 52, 52, 58, 52, 52, 58, 52, 53, 52, 52, 52, 27, 19, 52, 52, 50, 76, 44, 52, 52, 52, 52, 52, 52, 8, 52, 52, 8, 52, 43, 52, 52, 58, 63, 52, -1, 0, 22, 50, 47, 75] Modularity = 0.13031663516068054
Number of comunities in this generation is: 20
Best solution in generation 72 is: x = [52, 52, 52, 52, 44, 52, 52, 52, 52, 52, 56, 52, 52, -1, 52, 30, 52, 14, 61, 52, 52, 52, 58, 52, 52, 58, 52, 53, 52, 52, 52, 27, 19, 52, 52, 50, 76, 44, 52, 52, 52, 52, 52, 52, 8, 52, 52, 8, 52, 43, 52, 52, 58, 63, 52, -1, 0, 22, 50, 47, 75] Modularity = 0.13031663516068054
Number of comunities in this generation is: 20
Best solution in generation 73 is: x = [52, 52, 52, 52, 44, 52, 52, 52, 52, 52, 56, 52, 52, -1, 52, 30, 52, 14, 61, 52, 52, 52, 58, 52, 52, 58, 52, 53, 52, 52, 52, 27, 19, 52, 52, 50, 76, 44, 52, 52, 52, 52, 52, 52, 8, 52, 52, 8, 52, 43, 52, 52, 58, 63, 52, -1, 0, 22, 50, 47, 75] Modularity = 0.13031663516068054
Number of comunities in this generation is: 20
Best solution in generation 74 is: x = [52, 52, 52, 52, 52, 52, 49, 66, 52, 52, 29, 52, 52, 52, 52, 30, 52, 52, 44, 52, 52, 52, 58, 52, 52, 29, 52, 53, 52, 52, 52, 27, 52, 52, 52, 33, 52, 44, 52, 52, 52, 22, 52, 52, 47, 52, 39, 8, 52, 43, 52, 52, 43, 63, 52, 50, 0, 22, 50, 47, 45] Modularity = 0.14118620037807184
Number of comunities in this generation is: 19
Best solution in generation 75 is: x = [52, 52, 52, 52, 52, 52, 49, 66, 52, 52, 29, 52, 52, 52, 52, 30, 52, 52, 52, 52, 52, 52, 58, 52, 52, 29, 52, 53, 52, 52, 52, 27, 52, 52, 52, 33, 52, 53, 52, 52, 52, 52, 52, 53, 8, 52, 52, 8, 52, 43, 52, 52, 58, 63, 52, 41, 0, 36, 50, 47, 75] Modularity = 0.16292533081285446
Number of comunities in this generation is: 18
Best solution in generation 76 is: x = [52, 52, 52, 52, 52, 52, 49, 66, 52, 52, 29, 52, 52, 52, 52, 30, 52, 52, 52, 52, 52, 52, 58, 52, 52, 29, 52, 53, 52, 52, 52, 27, 52, 52, 52, 33, 52, 53, 52, 52, 52, 52, 52, 53, 8, 52, 52, 8, 52, 43, 52, 52, 58, 63, 52, 41, 0, 36, 50, 47, 75] Modularity = 0.16292533081285446
Number of comunities in this generation is: 18
Best solution in generation 77 is: x = [52, 52, 52, 52, 52, 52, 49, 66, 52, 52, 29, 52, 52, 52, 52, 30, 52, 52, 52, 52, 52, 52, 58, 52, 52, 29, 52, 53, 52, 52, 52, 27, 52, 52, 52, 33, 52, 53, 52, 52, 52, 52, 52, 53, 8, 52, 52, 8, 52, 43, 52, 52, 58, 63, 52, 41, 0, 36, 50, 47, 75] Modularity = 0.16292533081285446
Number of comunities in this generation is: 18
Best solution in generation 78 is: x = [52, 52, 52, 52, 52, 52, 49, 66, 52, 52, 29, 52, 52, 52, 52, 30, 52, 52, 52, 52, 52, 52, 71, 52, 52, 29, 52, 53, 52, 52, 52, 19, 52, 52, 52, 33, 52, 44, 52, 52, 52, 52, 52, 52, 8, 52, 52, 8, 52, 48, 52, 52, 58, 63, 52, 50, 0, 22, 50, 47, 45] Modularity = 0.17379489603024575
Number of comunities in this generation is: 19
Best solution in generation 79 is: x = [52, 52, 52, 52, 52, 52, 49, 66, 52, 52, 29, 52, 52, 52, 52, 30, 52, 52, 52, 52, 52, 52, 71, 52, 52, 29, 52, 53, 52, 52, 52, 19, 52, 52, 52, 33, 52, 44, 52, 52, 52, 52, 52, 52, 8, 52, 52, 8, 52, 48, 52, 52, 58, 63, 52, 50, 0, 22, 50, 47, 45] Modularity = 0.17379489603024575
Number of comunities in this generation is: 19
Best solution in generation 80 is: x = [52, 52, 52, 52, 52, 52, 49, 66, 52, 52, 29, 52, 52, 52, 52, 30, 52, 52, 52, 52, 52, 52, 71, 52, 52, 29, 52, 53, 52, 52, 52, 19, 52, 52, 52, 33, 52, 44, 52, 52, 52, 52, 52, 52, 8, 52, 52, 8, 52, 48, 52, 52, 58, 63, 52, 50, 0, 22, 50, 47, 45] Modularity = 0.17379489603024575
Number of comunities in this generation is: 19
Best solution in generation 81 is: x = [52, 52, 52, 52, 52, 52, 49, 66, 52, 52, 29, 52, 52, 52, 52, 30, 52, 52, 52, 52, 52, 52, 71, 52, 52, 29, 52, 53, 52, 52, 52, 19, 52, 52, 52, 33, 52, 44, 52, 52, 52, 52, 52, 52, 8, 52, 52, 8, 52, 48, 52, 52, 58, 63, 52, 50, 0, 22, 50, 47, 45] Modularity = 0.17379489603024575
Number of comunities in this generation is: 19
Best solution in generation 82 is: x = [52, 52, 52, 52, 52, 52, 49, 66, 52, 52, 29, 52, 52, 52, 52, 30, 52, 52, 52, 52, 52, 52, 71, 52, 52, 29, 52, 53, 52, 52, 52, 19, 52, 52, 52, 33, 52, 44, 52, 52, 52, 52, 52, 52, 8, 52, 52, 8, 52, 48, 52, 52, 58, 63, 52, 50, 0, 22, 50, 47, 45] Modularity = 0.17379489603024575
Number of comunities in this generation is: 19
Best solution in generation 83 is: x = [52, 52, 52, 52, 52, 52, 52, 52, 52, 52, 56, 52, 52, 52, 52, 71, 52, 52, 52, 52, 52, 52, 71, 52, 52, 29, 52, 53, 52, 52, 52, 19, 52, 52, 52, 33, 52, 36, 52, 52, 52, 52, 52, 52, 44, 52, 52, 8, 52, 43, 52, 52, 58, 36, 52, 41, 0, 36, 50, 47, 75] Modularity = 0.19553402646502835
Number of comunities in this generation is: 17
Best solution in generation 84 is: x = [52, 52, 52, 52, 52, 52, 52, 52, 52, 52, 56, 52, 52, 52, 52, 71, 52, 52, 52, 52, 52, 52, 71, 52, 52, 29, 52, 53, 52, 52, 52, 19, 52, 52, 52, 33, 52, 36, 52, 52, 52, 52, 52, 52, 44, 52, 52, 8, 52, 43, 52, 52, 58, 36, 52, 41, 0, 36, 50, 47, 75] Modularity = 0.19553402646502835
Number of comunities in this generation is: 17
Best solution in generation 85 is: x = [52, 52, 52, 52, 52, 52, 52, 52, 52, 52, 56, 52, 52, 52, 52, 71, 52, 52, 52, 52, 52, 52, 71, 52, 52, 29, 52, 53, 52, 52, 52, 19, 52, 52, 52, 33, 52, 36, 52, 52, 52, 52, 52, 52, 44, 52, 52, 8, 52, 43, 52, 52, 58, 36, 52, 41, 0, 36, 50, 47, 75] Modularity = 0.19553402646502835
Number of comunities in this generation is: 17
Best solution in generation 86 is: x = [52, 52, 52, 52, 52, 52, 52, 52, 52, 52, 56, 52, 52, 52, 52, 71, 52, 52, 52, 52, 52, 52, 71, 52, 52, 29, 52, 53, 52, 52, 52, 19, 52, 52, 52, 33, 52, 36, 52, 52, 52, 52, 52, 52, 44, 52, 52, 8, 52, 43, 52, 52, 58, 36, 52, 41, 0, 36, 50, 47, 75] Modularity = 0.19553402646502835
Number of comunities in this generation is: 17
Best solution in generation 87 is: x = [52, 52, 52, 52, 52, 52, 52, 52, 52, 52, 56, 52, 52, 52, 52, 52, 52, 52, 52, 52, 52, 52, 71, 52, 52, 29, 52, 53, 52, 52, 52, 19, 52, 52, 52, 33, 52, 36, 52, 52, 52, 52, 52, 52, 44, 52, 52, 8, 52, 52, 52, 52, 58, 36, 52, 41, 0, 36, 50, 47, 75] Modularity = 0.20640359168241967
Number of comunities in this generation is: 16
Best solution in generation 88 is: x = [52, 52, 52, 52, 52, 52, 52, 52, 52, 52, 56, 52, 52, 52, 52, 52, 52, 52, 52, 52, 52, 52, 71, 52, 52, 29, 52, 53, 52, 52, 52, 19, 52, 52, 52, 33, 52, 36, 52, 52, 52, 52, 52, 52, 44, 52, 52, 8, 52, 52, 52, 52, 58, 36, 52, 41, 0, 36, 50, 47, 75] Modularity = 0.20640359168241967
Number of comunities in this generation is: 16
Best solution in generation 89 is: x = [52, 52, 52, 52, 52, 52, 52, 52, 52, 52, 56, 52, 52, 52, 52, 52, 52, 52, 52, 52, 52, 52, 71, 52, 52, 29, 52, 53, 52, 52, 52, 19, 52, 52, 52, 33, 52, 36, 52, 52, 52, 52, 52, 52, 44, 52, 52, 8, 52, 52, 52, 52, 58, 36, 52, 41, 0, 36, 50, 47, 75] Modularity = 0.20640359168241967
Number of comunities in this generation is: 16
Best solution in generation 90 is: x = [52, 52, 52, 52, 52, 52, 52, 52, 52, 52, 52, 52, 52, 52, 52, 30, 52, 52, 52, 52, 52, 52, 71, 52, 52, 29, 52, 53, 52, 52, 52, 19, 52, 52, 52, 33, 52, 52, 52, 52, 52, 52, 52, 52, 52, 52, 52, 8, 52, 43, 52, 52, 58, 36, 52, 41, 0, 36, 50, 47, 75] Modularity = 0.21727315689981097
Number of comunities in this generation is: 16
Best solution in generation 91 is: x = [52, 52, 52, 52, 52, 52, 52, 52, 52, 52, 52, 52, 52, 52, 52, 30, 52, 52, 52, 52, 52, 52, 71, 52, 52, 29, 52, 53, 52, 52, 52, 19, 52, 52, 52, 33, 52, 52, 52, 52, 52, 52, 52, 52, 52, 52, 52, 8, 52, 43, 52, 52, 58, 36, 52, 41, 0, 36, 50, 47, 75] Modularity = 0.21727315689981097
Number of comunities in this generation is: 16
Best solution in generation 92 is: x = [52, 52, 52, 52, 52, 52, 52, 52, 52, 52, 52, 52, 52, 52, 52, 30, 52, 52, 52, 52, 52, 52, 71, 52, 52, 29, 52, 53, 52, 52, 52, 19, 52, 52, 52, 33, 52, 52, 52, 52, 52, 52, 52, 52, 52, 52, 52, 8, 52, 43, 52, 52, 58, 36, 52, 41, 0, 36, 50, 47, 75] Modularity = 0.21727315689981097
Number of comunities in this generation is: 16
Best solution in generation 93 is: x = [52, 52, 52, 52, 52, 52, 52, 52, 52, 52, 31, 52, 52, 52, 52, 52, 52, 52, 52, 52, 52, 52, 71, 52, 52, 52, 52, 53, 52, 52, 52, 19, 52, 52, 52, 33, 52, 52, 52, 52, 52, 52, 52, 52, 8, 52, 52, 8, 52, 52, 52, 52, 37, 63, 52, 52, 0, 52, 50, 47, 52] Modularity = 0.22814272211720227
Number of comunities in this generation is: 12
Best solution in generation 94 is: x = [52, 52, 52, 52, 52, 52, 52, 52, 52, 52, 31, 52, 52, 52, 52, 52, 52, 52, 52, 52, 52, 52, 71, 52, 52, 52, 52, 53, 52, 52, 52, 19, 52, 52, 52, 33, 52, 52, 52, 52, 52, 52, 52, 52, 8, 52, 52, 11, 52, 52, 52, 52, 68, 52, 52, 50, 0, 29, 50, 47, 45] Modularity = 0.2390122873345936
Number of comunities in this generation is: 14
Best solution in generation 95 is: x = [52, 52, 52, 52, 52, 52, 52, 52, 52, 52, 31, 52, 52, 52, 52, 52, 52, 52, 52, 52, 52, 52, 71, 52, 52, 52, 52, 53, 52, 52, 52, 19, 52, 52, 52, 33, 52, 52, 52, 52, 52, 52, 52, 52, 8, 52, 52, 11, 52, 52, 52, 52, 68, 52, 52, 50, 0, 29, 50, 47, 45] Modularity = 0.2390122873345936
Number of comunities in this generation is: 14
Best solution in generation 96 is: x = [52, 52, 52, 52, 52, 52, 52, 52, 52, 52, 31, 52, 52, 52, 52, 52, 52, 52, 52, 52, 52, 52, 71, 52, 52, 52, 52, 53, 52, 52, 52, 19, 52, 52, 52, 33, 52, 52, 52, 52, 52, 52, 52, 52, 8, 52, 52, 11, 52, 52, 52, 52, 68, 52, 52, 50, 0, 29, 50, 47, 45] Modularity = 0.2390122873345936
Number of comunities in this generation is: 14
Best solution in generation 97 is: x = [52, 52, 52, 52, 52, 52, 52, 52, 52, 52, 52, 52, 52, 52, 52, 52, 52, 52, 52, 52, 52, 52, 71, 52, 52, 52, 52, 53, 52, 52, 52, 19, 52, 52, 52, 33, 52, 52, 52, 52, 52, 52, 52, 52, 8, 52, 52, 11, 52, 52, 52, 52, 68, 52, 52, 50, 0, 29, 50, 47, 52] Modularity = 0.2498818525519849
Number of comunities in this generation is: 12
Best solution in generation 98 is: x = [52, 52, 52, 52, 52, 52, 52, 52, 52, 52, 52, 52, 52, 52, 52, 52, 52, 52, 52, 52, 52, 52, 71, 52, 52, 52, 52, 53, 52, 52, 52, 19, 52, 52, 52, 33, 52, 52, 52, 52, 52, 52, 52, 52, 8, 52, 52, 11, 52, 52, 52, 52, 68, 52, 52, 50, 0, 29, 50, 47, 52] Modularity = 0.2498818525519849
Number of comunities in this generation is: 12
Best solution in generation 99 is: x = [52, 52, 52, 52, 52, 52, 52, 52, 52, 52, 52, 52, 52, 52, 52, 52, 52, 52, 52, 52, 52, 52, 71, 52, 52, 52, 52, 53, 52, 52, 52, 19, 52, 52, 52, 33, 52, 52, 52, 52, 52, 52, 52, 52, 8, 52, 52, 11, 52, 52, 52, 52, 68, 52, 52, 50, 0, 29, 50, 47, 52] Modularity = 0.2498818525519849
Number of comunities in this generation is: 12

Number of comunities: 12
Best solution:
[52, 52, 52, 52, 52, 52, 52, 52, 52, 52, 52, 52, 52, 52, 52, 52, 52, 52, 52, 52, 52, 52, 71, 52, 52, 52, 52, 53, 52, 52, 52, 19, 52, 52, 52, 33, 52, 52, 52, 52, 52, 52, 52, 52, 8, 52, 52, 11, 52, 52, 52, 52, 68, 52, 52, 50, 0, 29, 50, 47, 52]
0.2498818525519849
