Best solution in generation 0 is: x = [21, 33, 68, 22, 35, 38, 59, 42, 64, 61, 15, 4, 40, 50, 44, 54, 25, 34, 14, 33, 66, 27, 56, 3, 29, 3, 51, 19, 5, 21, 58, 65, 55, 70, 29, 67, 58, 29, 68, 48, 51, 74, 42, 55, 8, 39, 17, 28, 7, 40, 10, 10, 40, 39, 21, 54, 73, 33, 17, 2, 72, 5, 76, 28, 73, 59, 22, 66, 5, 49, 26, 45, 13, 27, 50, 56] Modularity = -0.22927517361111113
Number of comunities in this generation is: 48
Best solution in generation 1 is: x = [46, 72, 8, 14, 60, 35, 8, 75, 42, 57, 17, 40, 59, 7, 17, 37, 69, 15, 76, 16, 11, 55, 56, 66, 11, 55, 46, 72, 76, 22, 74, 64, 64, 65, 54, 38, 60, 60, 31, 27, 76, 69, 71, 33, 8, 27, 56, 44, 76, 46, 26, 21, 53, 11, 46, 15, 55, 58, 43, 33, 28, 43, 19, 72, 29, 1, 30, 62, 46, 17, 53, 44, 55, 57, 15, 33] Modularity = -0.2084418402777778
Number of comunities in this generation is: 44
Best solution in generation 2 is: x = [46, 72, 8, 14, 60, 35, 8, 75, 42, 57, 17, 40, 59, 7, 17, 37, 69, 15, 76, 16, 11, 55, 56, 66, 11, 55, 46, 72, 76, 22, 74, 64, 64, 65, 54, 38, 60, 60, 31, 27, 76, 69, 71, 33, 8, 27, 56, 44, 76, 46, 26, 21, 53, 11, 46, 15, 55, 58, 43, 33, 28, 43, 19, 72, 29, 1, 30, 62, 46, 17, 53, 44, 55, 57, 15, 33] Modularity = -0.2084418402777778
Number of comunities in this generation is: 44
Best solution in generation 3 is: x = [46, 72, 8, 14, 60, 35, 8, 75, 42, 57, 17, 40, 59, 7, 17, 37, 69, 15, 76, 16, 11, 55, 56, 66, 11, 55, 46, 72, 76, 22, 74, 64, 64, 65, 54, 38, 60, 60, 31, 27, 76, 69, 71, 33, 8, 27, 56, 44, 76, 46, 26, 21, 53, 11, 46, 15, 55, 58, 43, 33, 28, 43, 19, 72, 29, 1, 30, 62, 46, 17, 53, 44, 55, 57, 15, 33] Modularity = -0.2084418402777778
Number of comunities in this generation is: 44
Best solution in generation 4 is: x = [46, 72, 8, 14, 60, 35, 8, 75, 42, 57, 17, 40, 59, 7, 17, 37, 69, 15, 76, 16, 11, 55, 56, 66, 11, 55, 46, 72, 76, 22, 74, 64, 64, 65, 54, 38, 60, 60, 31, 27, 76, 69, 71, 33, 8, 27, 56, 44, 76, 46, 26, 21, 53, 11, 46, 15, 55, 58, 43, 33, 28, 43, 19, 72, 29, 1, 30, 62, 46, 17, 53, 44, 55, 57, 15, 33] Modularity = -0.2084418402777778
Number of comunities in this generation is: 44
Best solution in generation 5 is: x = [46, 72, 8, 14, 60, 35, 8, 75, 42, 57, 17, 40, 59, 7, 17, 37, 69, 15, 76, 16, 11, 55, 56, 66, 11, 55, 46, 72, 76, 22, 74, 64, 64, 65, 54, 38, 60, 60, 31, 27, 76, 69, 71, 33, 8, 27, 56, 44, 76, 46, 26, 21, 53, 11, 46, 15, 55, 58, 43, 33, 28, 43, 19, 72, 29, 1, 30, 62, 46, 17, 53, 44, 55, 57, 15, 33] Modularity = -0.2084418402777778
Number of comunities in this generation is: 44
Best solution in generation 6 is: x = [46, 72, 8, 14, 60, 35, 8, 75, 42, 57, 17, 40, 59, 7, 17, 37, 69, 15, 76, 16, 11, 55, 56, 66, 11, 55, 46, 72, 76, 22, 74, 64, 64, 65, 54, 38, 60, 60, 31, 27, 76, 69, 71, 33, 8, 27, 56, 44, 76, 46, 26, 21, 53, 11, 46, 15, 55, 58, 43, 33, 28, 43, 19, 72, 29, 1, 30, 62, 46, 17, 53, 44, 55, 57, 15, 33] Modularity = -0.2084418402777778
Number of comunities in this generation is: 44
Best solution in generation 7 is: x = [46, 72, 8, 14, 60, 35, 8, 75, 42, 57, 17, 40, 59, 7, 17, 37, 69, 15, 76, 16, 11, 55, 56, 66, 11, 55, 46, 72, 76, 22, 74, 64, 64, 65, 54, 38, 60, 60, 31, 27, 76, 69, 71, 33, 8, 27, 56, 44, 76, 46, 26, 21, 53, 11, 46, 15, 55, 58, 43, 33, 28, 43, 19, 72, 29, 1, 30, 62, 46, 17, 53, 44, 55, 57, 15, 33] Modularity = -0.2084418402777778
Number of comunities in this generation is: 44
Best solution in generation 8 is: x = [46, 72, 8, 14, 60, 35, 8, 75, 42, 57, 17, 40, 59, 7, 17, 37, 69, 15, 76, 16, 11, 55, 56, 66, 11, 55, 46, 72, 76, 22, 74, 64, 64, 65, 54, 38, 60, 60, 31, 27, 76, 69, 71, 33, 8, 27, 56, 44, 76, 46, 26, 21, 53, 11, 46, 15, 55, 58, 43, 33, 28, 43, 19, 72, 29, 1, 30, 62, 46, 17, 53, 44, 55, 57, 15, 33] Modularity = -0.2084418402777778
Number of comunities in this generation is: 44
Best solution in generation 9 is: x = [46, 72, 8, 14, 60, 35, 8, 75, 42, 57, 17, 40, 59, 7, 17, 37, 69, 15, 76, 16, 11, 55, 56, 66, 11, 55, 46, 72, 76, 22, 74, 64, 64, 65, 54, 38, 60, 60, 31, 27, 76, 69, 71, 33, 8, 27, 56, 44, 76, 46, 26, 21, 53, 11, 46, 15, 55, 58, 43, 33, 28, 43, 19, 72, 29, 1, 30, 62, 46, 17, 53, 44, 55, 57, 15, 33] Modularity = -0.2084418402777778
Number of comunities in this generation is: 44
Best solution in generation 10 is: x = [76, 17, 18, 34, 36, 51, 73, 52, 23, 12, 30, 63, 1, 23, 68, 37, 69, 15, 76, 16, 11, 55, 56, 66, 11, 55, 46, 72, 76, 117, 74, 58, 64, 65, 54, 38, 60, 60, 31, 27, 76, 69, 71, 33, 8, 27, 56, 44, 76, 46, 48, 56, 47, 28, 55, 24, 40, 30, 15, 76, 17, 76, 65, 16, 35, 24, 26, 8, 41, 59, 43, 1, 82, 64, 17, 23] Modularity = -0.19802517361111113
Number of comunities in this generation is: 49
Best solution in generation 11 is: x = [76, 17, 18, 34, 36, 51, 73, 52, 23, 12, 30, 63, 1, 23, 68, 37, 69, 15, 76, 16, 11, 55, 56, 66, 11, 55, 46, 72, 76, 117, 74, 58, 64, 65, 54, 38, 60, 60, 31, 27, 76, 69, 71, 33, 8, 27, 56, 44, 76, 46, 48, 56, 47, 28, 55, 24, 40, 30, 15, 76, 17, 76, 65, 16, 35, 24, 26, 8, 41, 59, 43, 1, 82, 64, 17, 23] Modularity = -0.19802517361111113
Number of comunities in this generation is: 49
Best solution in generation 12 is: x = [76, 17, 18, 34, 36, 51, 73, 52, 23, 12, 30, 63, 1, 23, 68, 37, 69, 15, 76, 16, 11, 55, 56, 66, 11, 55, 46, 72, 76, 117, 74, 58, 64, 65, 54, 38, 60, 60, 31, 27, 76, 69, 71, 33, 8, 27, 56, 44, 76, 46, 48, 56, 47, 28, 55, 24, 40, 30, 15, 76, 17, 76, 65, 16, 35, 24, 26, 8, 41, 59, 43, 1, 82, 64, 17, 23] Modularity = -0.19802517361111113
Number of comunities in this generation is: 49
Best solution in generation 13 is: x = [76, 17, 18, 34, 36, 51, 73, 52, 23, 12, 30, 63, 1, 23, 68, 37, 69, 15, 76, 16, 11, 55, 56, 66, 11, 55, 46, 72, 76, 117, 74, 58, 64, 65, 54, 38, 60, 60, 31, 27, 76, 69, 71, 33, 8, 27, 56, 44, 76, 46, 48, 56, 47, 28, 55, 24, 40, 30, 15, 76, 17, 76, 65, 16, 35, 24, 26, 8, 41, 59, 43, 1, 82, 64, 17, 23] Modularity = -0.19802517361111113
Number of comunities in this generation is: 49
Best solution in generation 14 is: x = [76, 17, 18, 34, 36, 51, 73, 52, 23, 12, 30, 63, 1, 23, 68, 37, 69, 15, 76, 16, 11, 55, 56, 66, 11, 55, 46, 72, 76, 117, 74, 58, 64, 65, 54, 38, 60, 60, 31, 27, 76, 69, 71, 33, 8, 27, 56, 44, 76, 46, 48, 56, 47, 28, 55, 24, 40, 30, 15, 76, 17, 76, 65, 16, 35, 24, 26, 8, 41, 59, 43, 1, 82, 64, 17, 23] Modularity = -0.19802517361111113
Number of comunities in this generation is: 49
Best solution in generation 15 is: x = [76, 17, 18, 34, 36, 51, 73, 52, 23, 12, 30, 63, 1, 23, 68, 37, 69, 15, 76, 16, 11, 55, 56, 66, 11, 55, 46, 72, 76, 117, 74, 58, 64, 65, 54, 38, 60, 60, 31, 27, 76, 69, 71, 33, 8, 27, 56, 44, 76, 46, 48, 56, 47, 28, 55, 24, 40, 30, 15, 76, 17, 76, 65, 16, 35, 24, 26, 8, 41, 59, 43, 1, 82, 64, 17, 23] Modularity = -0.19802517361111113
Number of comunities in this generation is: 49
Best solution in generation 16 is: x = [76, 17, 18, 34, 36, 51, 73, 52, 23, 12, 30, 63, 1, 23, 68, 37, 69, 15, 76, 16, 11, 55, 56, 66, 11, 55, 46, 72, 76, 117, 74, 58, 64, 65, 54, 38, 60, 60, 31, 27, 76, 69, 71, 33, 8, 27, 56, 44, 76, 46, 48, 56, 47, 28, 55, 24, 40, 30, 15, 76, 17, 76, 65, 16, 35, 24, 26, 8, 41, 59, 43, 1, 82, 64, 17, 23] Modularity = -0.19802517361111113
Number of comunities in this generation is: 49
Best solution in generation 17 is: x = [46, 72, 8, 14, 60, 38, 8, 75, 42, 57, 17, 68, 59, 7, 17, 37, 69, 15, 76, 16, 11, 16, 56, 66, 46, 55, 46, 72, 62, 22, 74, 64, 64, 65, 54, 46, 60, 3, 21, 40, 76, 53, 38, 33, 68, 27, 56, 25, 76, 46, 26, 41, 53, 11, 46, 15, 55, 30, 15, 76, 17, 76, 65, 16, 35, 24, 26, 8, 46, 17, 53, 56, 26, 47, 63, 30] Modularity = -0.18760850694444445
Number of comunities in this generation is: 42
Best solution in generation 18 is: x = [46, 72, 8, 14, 60, 38, 8, 75, 42, 57, 17, 68, 59, 7, 17, 37, 69, 15, 76, 16, 11, 16, 56, 66, 46, 55, 46, 72, 62, 22, 74, 64, 64, 65, 54, 46, 60, 3, 21, 40, 76, 53, 38, 33, 68, 27, 56, 25, 76, 46, 26, 41, 53, 11, 46, 15, 55, 30, 15, 76, 17, 76, 65, 16, 35, 24, 26, 8, 46, 17, 53, 56, 26, 47, 63, 30] Modularity = -0.18760850694444445
Number of comunities in this generation is: 42
Best solution in generation 19 is: x = [46, 36, 8, 66, 60, 35, 8, 75, 77, 57, 17, 40, 30, 7, 17, 51, 69, 70, 11, 21, 55, 46, 50, 66, 46, 55, 46, 72, 50, 22, 74, 64, 64, 63, 54, 46, 60, 3, 31, 27, 76, 53, 38, 33, 62, 27, 56, 44, 76, 46, 77, 21, 76, -3, 46, 15, 55, 15, 71, 33, 40, 43, 7, 72, 29, 1, 30, 62, 46, 17, 53, 56, 26, 8, 17, 23] Modularity = -0.1771918402777778
Number of comunities in this generation is: 44
Best solution in generation 20 is: x = [46, 36, 8, 66, 60, 35, 8, 75, 77, 57, 17, 40, 30, 7, 17, 51, 69, 70, 11, 21, 55, 46, 50, 66, 46, 55, 46, 72, 50, 22, 74, 64, 64, 63, 54, 46, 60, 3, 31, 27, 76, 53, 38, 33, 62, 27, 56, 44, 76, 46, 77, 21, 76, -3, 46, 15, 55, 15, 71, 33, 40, 43, 7, 72, 29, 1, 30, 62, 46, 17, 53, 56, 26, 8, 17, 23] Modularity = -0.1771918402777778
Number of comunities in this generation is: 44
Best solution in generation 21 is: x = [46, 72, 8, 14, 60, 35, 8, 75, 42, 57, 17, 40, 59, 7, 17, 51, 46, 70, 11, 21, 55, 46, 50, 66, 46, 55, 46, 72, 46, 22, 74, 64, 64, 65, 2, 38, 60, 33, 31, 27, 76, 69, 38, 33, 8, 28, 56, 44, 76, 46, 77, 21, 53, -3, 46, 15, 55, 17, 71, 33, 28, 43, 7, 72, 29, 1, 30, 62, 46, 17, 75, 56, 26, 47, 63, 30] Modularity = -0.16677517361111113
Number of comunities in this generation is: 47
Best solution in generation 22 is: x = [46, 72, 8, 14, 60, 35, 8, 75, 42, 57, 17, 40, 59, 7, 17, 51, 46, 70, 11, 21, 55, 46, 50, 66, 46, 55, 46, 72, 46, 22, 74, 64, 64, 65, 2, 38, 60, 33, 31, 27, 76, 69, 38, 33, 8, 28, 56, 44, 76, 46, 77, 21, 53, -3, 46, 15, 55, 17, 71, 33, 28, 43, 7, 72, 29, 1, 30, 62, 46, 17, 75, 56, 26, 47, 63, 30] Modularity = -0.16677517361111113
Number of comunities in this generation is: 47
Best solution in generation 23 is: x = [46, 36, 8, 66, 60, 35, 8, 75, 42, 57, 17, 40, 59, 7, 17, 51, 46, 70, 11, 21, 55, 46, 50, 66, 46, 55, 46, 72, 46, 22, 74, 64, 64, 65, 2, 38, 60, 33, 31, 27, 76, 69, 38, 33, 8, 28, 56, 46, 76, 46, 77, 21, 53, -3, 46, 15, 55, 10, 71, 33, 28, 43, 7, 72, 29, 1, 30, 62, 46, 17, 75, 56, 26, 47, 63, 30] Modularity = -0.15635850694444445
Number of comunities in this generation is: 47
Best solution in generation 24 is: x = [46, 36, 8, 66, 60, 35, 8, 75, 42, 57, 17, 40, 59, 7, 17, 51, 46, 70, 11, 21, 55, 46, 50, 66, 46, 55, 46, 72, 46, 22, 74, 64, 64, 65, 2, 38, 60, 46, 31, 27, 76, 69, 38, 33, 8, 28, 53, 44, 76, 46, 26, 21, 53, 11, 46, 34, 55, 58, 43, 33, 46, 43, 28, 17, 39, 71, 34, 30, 46, 17, 53, 19, 55, 57, 15, 33] Modularity = -0.1459418402777778
Number of comunities in this generation is: 43
Best solution in generation 25 is: x = [46, 36, 8, 66, 60, 35, 8, 75, 42, 57, 17, 40, 59, 7, 17, 51, 46, 70, 11, 21, 55, 46, 50, 66, 46, 55, 46, 72, 46, 22, 74, 64, 64, 65, 2, 38, 60, 46, 31, 27, 76, 69, 38, 33, 8, 28, 53, 44, 76, 46, 26, 21, 53, 11, 46, 34, 55, 58, 43, 33, 46, 43, 28, 17, 39, 71, 34, 30, 46, 17, 53, 19, 55, 57, 15, 33] Modularity = -0.1459418402777778
Number of comunities in this generation is: 43
Best solution in generation 26 is: x = [46, 36, 8, 66, 60, 35, 8, 75, 42, 57, 17, 40, 59, 7, 17, 51, 46, 70, 11, 21, 55, 46, 50, 66, 46, 55, 46, 72, 46, 22, 74, 64, 64, 65, 2, 38, 60, 46, 31, 27, 76, 69, 38, 33, 8, 28, 53, 44, 76, 46, 26, 21, 53, 11, 46, 34, 55, 58, 43, 33, 46, 43, 28, 17, 39, 71, 34, 30, 46, 17, 53, 19, 55, 57, 15, 33] Modularity = -0.1459418402777778
Number of comunities in this generation is: 43
Best solution in generation 27 is: x = [46, 36, 8, 66, 60, 35, 8, 75, 42, 57, 17, 40, 59, 7, 17, 51, 46, 70, 11, 21, 55, 46, 50, 66, 46, 55, 46, 72, 46, 22, 74, 64, 64, 65, 2, 38, 60, 46, 31, 27, 76, 69, 38, 33, 8, 28, 53, 44, 76, 46, 26, 21, 53, 11, 46, 34, 55, 58, 43, 33, 46, 43, 28, 17, 39, 71, 34, 30, 46, 17, 53, 19, 55, 57, 15, 33] Modularity = -0.1459418402777778
Number of comunities in this generation is: 43
Best solution in generation 28 is: x = [46, 72, 48, 46, 60, 35, 8, 48, 42, 57, 17, 40, 59, 7, 17, 43, 46, 70, 11, 21, 55, 46, 50, 66, 46, 55, 46, 72, 46, 22, 74, 64, 64, 65, 2, 38, 60, 33, 31, 27, 76, 69, 38, 33, 27, 28, 56, 46, 76, 46, 26, 21, 53, 11, 46, 34, 55, 58, 71, 33, 46, 43, 52, 17, 71, -32, 30, 30, 46, 17, 53, 19, 82, 57, 15, 45] Modularity = -0.13552517361111113
Number of comunities in this generation is: 44
Best solution in generation 29 is: x = [46, 72, 48, 46, 60, 35, 8, 48, 42, 57, 17, 40, 59, 7, 17, 43, 46, 70, 11, 21, 55, 46, 50, 66, 46, 55, 46, 72, 46, 22, 74, 64, 64, 65, 2, 38, 60, 33, 31, 27, 76, 69, 38, 33, 27, 28, 56, 46, 76, 46, 26, 21, 53, 11, 46, 34, 55, 58, 71, 33, 46, 43, 52, 17, 71, -32, 30, 30, 46, 17, 53, 19, 82, 57, 15, 45] Modularity = -0.13552517361111113
Number of comunities in this generation is: 44
Best solution in generation 30 is: x = [46, 72, 48, 46, 60, 35, 8, 48, 42, 57, 17, 40, 59, 7, 17, 43, 46, 70, 11, 21, 55, 46, 50, 66, 46, 55, 46, 72, 46, 22, 74, 64, 64, 65, 2, 38, 60, 33, 31, 27, 76, 69, 38, 33, 27, 28, 56, 46, 76, 46, 26, 21, 53, 11, 46, 34, 55, 58, 71, 33, 46, 43, 52, 17, 71, -32, 30, 30, 46, 17, 53, 19, 82, 57, 15, 45] Modularity = -0.13552517361111113
Number of comunities in this generation is: 44
Best solution in generation 31 is: x = [46, 72, 48, 46, 60, 35, 8, 48, 42, 57, 17, 40, 59, 7, 17, 43, 46, 70, 11, 21, 55, 46, 50, 66, 46, 55, 46, 72, 46, 22, 74, 64, 64, 65, 2, 38, 60, 33, 31, 27, 76, 69, 38, 33, 27, 28, 56, 46, 76, 46, 26, 21, 53, 11, 46, 34, 55, 58, 71, 33, 46, 43, 52, 17, 71, -32, 30, 30, 46, 17, 53, 19, 82, 57, 15, 45] Modularity = -0.13552517361111113
Number of comunities in this generation is: 44
Best solution in generation 32 is: x = [46, 72, 48, 46, 60, 35, 8, 48, 42, 57, 17, 40, 59, 7, 17, 43, 46, 70, 11, 21, 55, 46, 50, 66, 46, 55, 46, 72, 46, 22, 74, 64, 64, 65, 2, 22, 60, 33, 31, 68, 76, 69, 6, 33, 27, 28, 56, 46, 76, 46, 77, 21, 76, -3, 46, 34, 55, 58, 43, 33, 46, 43, 28, 17, 39, 71, 46, 30, 46, 108, 53, 19, 55, 57, 15, 33] Modularity = -0.12510850694444445
Number of comunities in this generation is: 44
Best solution in generation 33 is: x = [46, 72, 48, 46, 60, 35, 8, 48, 42, 57, 17, 40, 59, 7, 17, 43, 46, 70, 11, 21, 55, 46, 50, 66, 46, 55, 46, 72, 46, 22, 74, 64, 64, 65, 2, 22, 60, 33, 31, 68, 76, 69, 6, 33, 27, 28, 56, 46, 76, 46, 77, 21, 76, -3, 46, 34, 55, 58, 43, 33, 46, 43, 28, 17, 39, 71, 46, 30, 46, 108, 53, 19, 55, 57, 15, 33] Modularity = -0.12510850694444445
Number of comunities in this generation is: 44
Best solution in generation 34 is: x = [46, 72, 48, 46, 60, 35, 8, 48, 42, 57, 17, 40, 59, 7, 17, 43, 46, 70, 11, 21, 55, 46, 50, 66, 46, 55, 46, 72, 46, 22, 74, 64, 64, 65, 2, 22, 60, 33, 31, 68, 76, 69, 6, 33, 27, 28, 56, 46, 76, 46, 77, 21, 76, -3, 46, 34, 55, 58, 43, 33, 46, 43, 28, 17, 39, 71, 46, 30, 46, 108, 53, 19, 55, 57, 15, 33] Modularity = -0.12510850694444445
Number of comunities in this generation is: 44
Best solution in generation 35 is: x = [46, 36, 87, 46, 29, 35, 8, 48, 42, 57, 17, 40, 59, 7, 17, 43, 46, 70, 11, 21, 55, 46, 50, 5, 46, 55, 46, 72, 46, 46, 74, 64, 72, 63, 54, 46, 60, 46, 31, 27, 76, 69, 38, 33, 8, 28, -14, 44, 76, 46, 26, 21, 53, 11, 46, 34, 7, 58, 15, 75, 46, 76, 65, 16, 35, 24, 26, 62, 46, 17, 53, 75, 26, 8, 17, 30] Modularity = -0.11469184027777779
Number of comunities in this generation is: 46
Best solution in generation 36 is: x = [46, 36, 87, 46, 29, 35, 8, 48, 42, 57, 17, 40, 59, 7, 17, 43, 46, 70, 11, 21, 55, 46, 50, 5, 46, 55, 46, 72, 46, 46, 74, 64, 72, 63, 54, 46, 60, 46, 31, 27, 76, 69, 38, 33, 8, 28, -14, 44, 76, 46, 26, 21, 53, 11, 46, 34, 7, 58, 15, 75, 46, 76, 65, 16, 35, 24, 26, 62, 46, 17, 53, 75, 26, 8, 17, 30] Modularity = -0.11469184027777779
Number of comunities in this generation is: 46
Best solution in generation 37 is: x = [46, 72, 48, 46, 29, 35, 8, 35, 42, 57, 17, 40, 59, 7, 17, 43, 46, 70, 11, -8, 55, 46, 50, 66, 46, 55, 46, 72, 46, 46, 74, 64, 64, -21, 54, 46, 60, 46, 31, 27, 33, 69, 38, 33, 27, 28, 56, 46, 76, 46, 77, 21, 53, -3, 46, 34, 55, 58, 43, 33, 46, 43, 52, 17, 71, -32, 30, 30, 46, 17, 53, 19, 55, 8, 17, 57] Modularity = -0.10427517361111112
Number of comunities in this generation is: 43
Best solution in generation 38 is: x = [46, 72, 48, 46, 29, 35, 8, 35, 42, 57, 17, 40, 59, 7, 17, 43, 46, 70, 11, -8, 55, 46, 50, 66, 46, 55, 46, 72, 46, 46, 74, 64, 64, -21, 54, 46, 60, 46, 31, 27, 33, 69, 38, 33, 27, 28, 56, 46, 76, 46, 77, 21, 53, -3, 46, 34, 55, 58, 43, 33, 46, 43, 52, 17, 71, -32, 30, 30, 46, 17, 53, 19, 55, 8, 17, 57] Modularity = -0.10427517361111112
Number of comunities in this generation is: 43
Best solution in generation 39 is: x = [46, 72, 48, 46, 29, 35, 8, 35, 42, 57, 17, 40, 59, 7, 17, 43, 46, 70, 11, -8, 55, 46, 50, 66, 46, 55, 46, 72, 46, 46, 74, 64, 64, -21, 54, 46, 60, 46, 31, 27, 33, 69, 38, 33, 27, 28, 56, 46, 76, 46, 77, 21, 53, -3, 46, 34, 55, 58, 43, 33, 46, 43, 52, 17, 71, -32, 30, 30, 46, 17, 53, 19, 55, 8, 17, 57] Modularity = -0.10427517361111112
Number of comunities in this generation is: 43
Best solution in generation 40 is: x = [46, 36, 87, 46, 29, 35, 8, 48, 42, 57, 17, 40, 59, 7, 17, 43, 46, 70, 11, -8, 55, 46, 50, 66, 46, 55, 46, 72, 46, 46, 74, 64, 64, -21, 54, 46, 60, 46, 31, 27, 33, 69, 38, 33, 27, 28, 56, 46, 76, 46, 77, 21, 53, -3, 46, 34, 55, 46, 43, 33, 46, 43, 28, 17, 39, 71, 46, 30, 46, 108, 53, 19, 55, 57, 15, 67] Modularity = -0.08344184027777779
Number of comunities in this generation is: 46
Best solution in generation 41 is: x = [46, 36, 87, 46, 29, 35, 8, 48, 42, 57, 17, 40, 59, 7, 17, 43, 46, 70, 11, -8, 55, 46, 50, 66, 46, 55, 46, 72, 46, 46, 74, 64, 64, -21, 54, 46, 60, 46, 31, 27, 33, 69, 38, 33, 27, 28, 56, 46, 76, 46, 77, 21, 53, -3, 46, 34, 55, 46, 43, 33, 46, 43, 28, 17, 39, 71, 46, 30, 46, 108, 53, 19, 55, 57, 15, 67] Modularity = -0.08344184027777779
Number of comunities in this generation is: 46
Best solution in generation 42 is: x = [46, 36, 87, 46, 29, 35, 8, 48, 42, 57, 17, 40, 59, 7, 17, 43, 46, 70, 11, -8, 55, 46, 50, 66, 46, 55, 46, 72, 46, 46, 74, 64, 64, -21, 54, 46, 60, 46, 31, 27, 33, 69, 38, 33, 27, 28, 56, 46, 76, 46, 77, 21, 53, -3, 46, 34, 55, 46, 43, 33, 46, 43, 28, 17, 39, 71, 46, 30, 46, 108, 53, 19, 55, 57, 15, 67] Modularity = -0.08344184027777779
Number of comunities in this generation is: 46
Best solution in generation 43 is: x = [46, 36, 87, 46, 29, 35, 8, 48, 42, 57, 17, 40, 59, 7, 17, 43, 46, 70, 11, -8, 55, 46, 50, 66, 46, 55, 46, 72, 46, 46, 74, 64, 64, -21, 54, 46, 60, 46, 31, 27, 33, 69, 38, 33, 27, 28, 56, 46, 76, 46, 77, 21, 53, -3, 46, 34, 55, 46, 43, 33, 46, 43, 28, 17, 39, 71, 46, 30, 46, 108, 53, 19, 55, 57, 15, 67] Modularity = -0.08344184027777779
Number of comunities in this generation is: 46
Best solution in generation 44 is: x = [46, 72, 48, 46, 20, 35, 8, 75, 28, 57, 17, 21, 59, 7, 17, 51, 46, 70, 58, 21, 43, 46, 46, 62, 46, 55, 46, 72, 46, 46, 82, 64, 64, 65, 54, 46, 60, 46, 40, 27, 33, 69, 38, 33, 8, 28, 56, 46, 34, 46, 26, 21, 46, 40, 46, 34, 73, 46, 43, 33, 46, 43, 28, 7, 39, 71, 46, 30, 46, 108, 53, 19, 55, 57, 15, 33] Modularity = -0.07302517361111112
Number of comunities in this generation is: 40
Best solution in generation 45 is: x = [46, 72, 48, 46, 20, 35, 8, 75, 28, 57, 17, 21, 59, 7, 17, 51, 46, 70, 58, 21, 43, 46, 46, 62, 46, 55, 46, 72, 46, 46, 82, 64, 64, 65, 54, 46, 60, 46, 40, 27, 33, 69, 38, 33, 8, 28, 56, 46, 34, 46, 26, 21, 46, 40, 46, 34, 73, 46, 43, 33, 46, 43, 28, 7, 39, 71, 46, 30, 46, 108, 53, 19, 55, 57, 15, 33] Modularity = -0.07302517361111112
Number of comunities in this generation is: 40
Best solution in generation 46 is: x = [46, 72, 48, 46, 20, 35, 8, 75, 28, 57, 17, 21, 59, 7, 17, 51, 46, 70, 58, 21, 43, 46, 46, 62, 46, 55, 46, 72, 46, 46, 82, 64, 64, 65, 54, 46, 60, 46, 40, 27, 33, 69, 38, 33, 8, 28, 56, 46, 34, 46, 26, 21, 46, 40, 46, 34, 73, 46, 43, 33, 46, 43, 28, 7, 39, 71, 46, 30, 46, 108, 53, 19, 55, 57, 15, 33] Modularity = -0.07302517361111112
Number of comunities in this generation is: 40
Best solution in generation 47 is: x = [46, 30, 48, 46, 29, 44, 8, 48, 42, 57, 17, 40, 59, 7, 17, 43, 46, 70, 58, 21, 43, 46, 46, 62, 46, 55, 46, 72, 46, 46, 82, 64, 64, 65, 54, 46, 60, 46, 31, 27, 76, 69, 38, 5, 60, 28, 67, 46, 50, 46, 26, 21, 46, 55, 46, 46, 73, 46, 43, 53, 46, 43, 28, 17, 39, 71, 46, 30, 46, 108, 53, 19, 55, 57, 15, 33] Modularity = -0.06260850694444446
Number of comunities in this generation is: 42
Best solution in generation 48 is: x = [46, 30, 48, 46, 29, 44, 8, 48, 42, 57, 17, 40, 59, 7, 17, 43, 46, 70, 58, 21, 43, 46, 46, 62, 46, 55, 46, 72, 46, 46, 82, 64, 64, 65, 54, 46, 60, 46, 31, 27, 76, 69, 38, 5, 60, 28, 67, 46, 50, 46, 26, 21, 46, 55, 46, 46, 73, 46, 43, 53, 46, 43, 28, 17, 39, 71, 46, 30, 46, 108, 53, 19, 55, 57, 15, 33] Modularity = -0.06260850694444446
Number of comunities in this generation is: 42
Best solution in generation 49 is: x = [46, 30, 48, 46, 29, 44, 8, 48, 42, 57, 17, 40, 59, 7, 17, 43, 46, 70, 58, 21, 43, 46, 46, 62, 46, 55, 46, 72, 46, 46, 82, 64, 64, 65, 54, 46, 60, 46, 31, 27, 76, 69, 38, 5, 60, 28, 67, 46, 50, 46, 26, 21, 46, 55, 46, 46, 73, 46, 43, 53, 46, 43, 28, 17, 39, 71, 46, 30, 46, 108, 53, 19, 55, 57, 15, 33] Modularity = -0.06260850694444446
Number of comunities in this generation is: 42
Best solution in generation 50 is: x = [46, 72, 48, 46, 20, 35, 8, 75, 28, 57, 17, 21, 59, 7, 17, 51, 46, 70, 58, 21, 43, 46, 46, 62, 46, 55, 46, 72, 46, 46, 82, 64, 64, 65, 54, 46, 60, 46, 40, 27, 33, 69, 38, 33, 8, 28, 56, 46, 46, 46, 26, 21, 46, 55, 46, 46, 73, 46, 43, 53, 46, 50, 28, 17, 39, 71, 46, 30, 46, 108, 53, 19, 55, 57, 15, 33] Modularity = -0.05219184027777779
Number of comunities in this generation is: 40
Best solution in generation 51 is: x = [46, 72, 48, 46, 20, 35, 8, 75, 28, 57, 17, 21, 59, 7, 17, 51, 46, 70, 58, 21, 43, 46, 46, 62, 46, 55, 46, 72, 46, 46, 82, 64, 64, 65, 54, 46, 60, 46, 40, 27, 33, 69, 38, 33, 8, 28, 56, 46, 46, 46, 26, 21, 46, 55, 46, 46, 73, 46, 43, 53, 46, 50, 28, 17, 39, 71, 46, 30, 46, 108, 53, 19, 55, 57, 15, 33] Modularity = -0.05219184027777779
Number of comunities in this generation is: 40
Best solution in generation 52 is: x = [46, 72, 48, 46, 20, 35, 8, 75, 28, 57, 17, 21, 59, 7, 17, 51, 46, 70, 58, 21, 43, 46, 46, 62, 46, 55, 46, 72, 46, 46, 82, 64, 64, 65, 54, 46, 60, 46, 40, 27, 33, 69, 38, 33, 8, 28, 56, 46, 46, 46, 26, 21, 46, 55, 46, 46, 73, 46, 43, 53, 46, 50, 28, 17, 39, 71, 46, 30, 46, 108, 53, 19, 55, 57, 15, 33] Modularity = -0.05219184027777779
Number of comunities in this generation is: 40
Best solution in generation 53 is: x = [46, 72, 48, 46, 20, 35, 8, 75, 28, 57, 17, 21, 59, 7, 17, 51, 46, 70, 58, 21, 43, 46, 46, 62, 46, 55, 46, 72, 46, 46, 82, 64, 64, 65, 54, 46, 60, 46, 40, 27, 33, 69, 38, 33, 8, 28, 56, 46, 46, 46, 26, 21, 46, 55, 46, 46, 73, 46, 43, 53, 46, 50, 28, 17, 39, 71, 46, 30, 46, 108, 53, 19, 55, 57, 15, 33] Modularity = -0.05219184027777779
Number of comunities in this generation is: 40
Best solution in generation 54 is: x = [46, 72, 48, 46, 20, 35, 8, 75, 28, 57, 17, 21, 59, 7, 17, 51, 46, 70, 58, 21, 43, 46, 46, 62, 46, 55, 46, 72, 46, 46, 82, 64, 64, 65, 54, 46, 60, 46, 40, 27, 33, 69, 38, 33, 8, 28, 56, 46, 46, 46, 26, 21, 46, 55, 46, 46, 73, 46, 43, 53, 46, 50, 28, 17, 39, 71, 46, 30, 46, 108, 53, 19, 55, 57, 15, 33] Modularity = -0.05219184027777779
Number of comunities in this generation is: 40
Best solution in generation 55 is: x = [46, 72, 15, 46, 29, 35, 22, 48, 42, 49, -3, 40, 63, 7, 17, 51, 46, 70, 73, 21, 55, 46, 46, 66, 46, 50, 46, 72, 46, 46, 82, 64, 64, 106, 33, 46, 60, 46, 40, 27, 79, 69, 38, 33, 8, 28, 56, 46, 46, 46, 26, 21, 46, 55, 46, 46, 73, 46, 43, 53, 46, 43, 28, 71, 39, 21, 46, 30, 46, 46, 53, 19, 55, 57, 15, 47] Modularity = -0.041775173611111126
Number of comunities in this generation is: 42
Best solution in generation 56 is: x = [46, 72, 11, 46, 60, 35, 8, 48, 42, 38, 17, 46, 63, 7, 17, 51, 46, 70, 73, 21, 55, 46, 46, 66, 46, 50, 46, 72, 46, 46, 82, 64, 64, 106, 33, 46, 60, 46, 68, 27, 79, 69, 38, 33, 8, 28, 56, 46, 46, 46, 26, 21, 46, 55, 46, 46, 73, 46, 43, 53, 46, 43, 28, 71, 39, 21, 46, 30, 46, 46, 53, 19, 55, 57, 15, 47] Modularity = -0.031358506944444454
Number of comunities in this generation is: 39
Best solution in generation 57 is: x = [46, 72, 11, 46, 60, 35, 8, 48, 42, 38, 17, 46, 63, 7, 17, 51, 46, 70, 73, 21, 55, 46, 46, 66, 46, 50, 46, 72, 46, 46, 82, 64, 64, 106, 33, 46, 60, 46, 68, 27, 79, 69, 38, 33, 8, 28, 56, 46, 46, 46, 26, 21, 46, 55, 46, 46, 73, 46, 43, 53, 46, 43, 28, 71, 39, 21, 46, 30, 46, 46, 53, 19, 55, 57, 15, 47] Modularity = -0.031358506944444454
Number of comunities in this generation is: 39
Best solution in generation 58 is: x = [46, 72, 11, 46, 60, 35, 8, 48, 42, 38, 17, 46, 63, 7, 17, 51, 46, 70, 73, 21, 55, 46, 46, 66, 46, 50, 46, 72, 46, 46, 82, 64, 64, 106, 33, 46, 60, 46, 68, 27, 79, 69, 38, 33, 8, 28, 56, 46, 46, 46, 26, 21, 46, 55, 46, 46, 73, 46, 43, 53, 46, 43, 28, 71, 39, 21, 46, 30, 46, 46, 53, 19, 55, 57, 15, 47] Modularity = -0.031358506944444454
Number of comunities in this generation is: 39
Best solution in generation 59 is: x = [46, 72, 11, 46, 60, 35, 8, 48, 42, 38, 17, 46, 63, 7, 17, 51, 46, 70, 73, 21, 55, 46, 46, 66, 46, 50, 46, 72, 46, 46, 82, 64, 64, 106, 33, 46, 60, 46, 68, 27, 79, 69, 38, 33, 8, 28, 56, 46, 46, 46, 26, 21, 46, 55, 46, 46, 73, 46, 43, 53, 46, 43, 28, 71, 39, 21, 46, 30, 46, 46, 53, 19, 55, 57, 15, 47] Modularity = -0.031358506944444454
Number of comunities in this generation is: 39
Best solution in generation 60 is: x = [46, 35, 48, 46, 20, 35, 8, 75, 28, 57, 17, 46, 21, 12, 17, 43, 46, 70, 58, 21, 56, 46, 46, 62, 46, 55, 46, 72, 46, 46, 82, 64, 64, 65, 54, 46, 60, 46, 40, 27, 33, 33, 38, 33, 8, 28, 56, 46, 46, 46, 26, 21, 46, 94, 46, 46, 73, 46, 35, 53, 46, 43, 28, 17, 39, 71, 46, 30, 46, 46, 53, 19, 55, 46, 76, 35] Modularity = -0.02094184027777779
Number of comunities in this generation is: 36
Best solution in generation 61 is: x = [46, 35, 48, 46, 20, 35, 8, 75, 28, 57, 17, 46, 21, 12, 17, 43, 46, 70, 58, 21, 56, 46, 46, 62, 46, 55, 46, 72, 46, 46, 82, 64, 64, 65, 54, 46, 60, 46, 40, 27, 33, 33, 38, 33, 8, 28, 56, 46, 46, 46, 26, 21, 46, 94, 46, 46, 73, 46, 35, 53, 46, 43, 28, 17, 39, 71, 46, 30, 46, 46, 53, 19, 55, 46, 76, 35] Modularity = -0.02094184027777779
Number of comunities in this generation is: 36
Best solution in generation 62 is: x = [46, 35, 48, 46, 20, 35, 8, 75, 28, 57, 17, 46, 21, 12, 17, 43, 46, 70, 58, 21, 56, 46, 46, 62, 46, 55, 46, 72, 46, 46, 82, 64, 64, 65, 54, 46, 60, 46, 40, 27, 33, 33, 38, 33, 8, 28, 56, 46, 46, 46, 26, 21, 46, 94, 46, 46, 73, 46, 35, 53, 46, 43, 28, 17, 39, 71, 46, 30, 46, 46, 53, 19, 55, 46, 76, 35] Modularity = -0.02094184027777779
Number of comunities in this generation is: 36
Best solution in generation 63 is: x = [46, 35, 48, 46, 20, 35, 8, 75, 28, 57, 17, 46, 21, 12, 17, 43, 46, 70, 58, 21, 56, 46, 46, 62, 46, 55, 46, 72, 46, 46, 82, 64, 64, 65, 54, 46, 60, 46, 40, 27, 33, 33, 38, 33, 8, 28, 56, 46, 46, 46, 26, 21, 46, 94, 46, 46, 73, 46, 35, 53, 46, 43, 28, 17, 39, 71, 46, 30, 46, 46, 53, 19, 55, 46, 76, 35] Modularity = -0.02094184027777779
Number of comunities in this generation is: 36
Best solution in generation 64 is: x = [46, 35, 48, 46, 20, 35, 8, 75, 28, 57, 17, 46, 21, 12, 17, 43, 46, 70, 58, 21, 56, 46, 46, 62, 46, 55, 46, 72, 46, 46, 82, 64, 64, 65, 54, 46, 60, 46, 40, 27, 33, 33, 38, 33, 8, 28, 56, 46, 46, 46, 26, 21, 46, 94, 46, 46, 73, 46, 35, 53, 46, 43, 28, 17, 39, 71, 46, 30, 46, 46, 53, 19, 55, 46, 76, 35] Modularity = -0.02094184027777779
Number of comunities in this generation is: 36
Best solution in generation 65 is: x = [46, 35, 48, 46, 20, 35, 8, 75, 28, 57, 17, 46, 21, 12, 17, 43, 46, 70, 58, 21, 56, 46, 46, 62, 46, 55, 46, 72, 46, 46, 82, 64, 64, 65, 54, 46, 60, 46, 40, 27, 33, 33, 38, 33, 8, 28, 56, 46, 46, 46, 26, 21, 46, 94, 46, 46, 73, 46, 35, 53, 46, 43, 28, 17, 39, 71, 46, 30, 46, 46, 53, 19, 55, 46, 76, 35] Modularity = -0.02094184027777779
Number of comunities in this generation is: 36
Best solution in generation 66 is: x = [46, 72, 11, 46, 60, 79, 8, 48, 42, 38, 17, 46, 63, 7, 17, 51, 46, 70, 73, 21, 55, 46, 46, 66, 46, 55, 46, 72, 46, 46, 58, 64, 64, 27, 18, 46, 60, 46, 31, 46, 44, 31, 38, 33, 8, 37, 56, 46, 46, 46, 26, 21, 46, 55, 46, 46, 73, 46, 46, 53, 46, 43, 28, 17, 39, 5, 46, 30, 46, 46, 46, 19, 55, 46, 76, 35] Modularity = 0.01030815972222221
Number of comunities in this generation is: 37
Best solution in generation 67 is: x = [46, 72, 11, 46, 60, 79, 8, 48, 42, 38, 17, 46, 63, 7, 17, 51, 46, 70, 73, 21, 55, 46, 46, 66, 46, 55, 46, 72, 46, 46, 58, 64, 64, 27, 18, 46, 60, 46, 31, 46, 44, 31, 38, 33, 8, 37, 56, 46, 46, 46, 26, 21, 46, 55, 46, 46, 73, 46, 46, 53, 46, 43, 28, 17, 39, 5, 46, 30, 46, 46, 46, 19, 55, 46, 76, 35] Modularity = 0.01030815972222221
Number of comunities in this generation is: 37
Best solution in generation 68 is: x = [46, 72, 48, 46, 20, 35, 8, 75, 28, 38, 65, 46, 42, 7, 17, 43, 46, 70, 11, 21, 53, 46, 46, 66, 46, 55, 46, 72, 46, 46, 82, 75, 64, 106, 53, 46, 46, 46, 31, 46, 44, 31, 38, 33, 8, 37, 56, 46, 46, 46, 26, 0, 46, 55, 46, 46, 73, 46, 46, 53, 46, 43, 28, 17, 39, 5, 46, 30, 46, 46, 46, 19, 55, 46, 76, 35] Modularity = 0.020724826388888878
Number of comunities in this generation is: 36
Best solution in generation 69 is: x = [46, 72, 48, 46, 20, 35, 8, 75, 28, 38, 65, 46, 42, 7, 17, 43, 46, 70, 11, 21, 53, 46, 46, 66, 46, 55, 46, 72, 46, 46, 82, 75, 64, 106, 53, 46, 46, 46, 31, 46, 44, 31, 38, 33, 8, 37, 56, 46, 46, 46, 26, 0, 46, 55, 46, 46, 73, 46, 46, 53, 46, 43, 28, 17, 39, 5, 46, 30, 46, 46, 46, 19, 55, 46, 76, 35] Modularity = 0.020724826388888878
Number of comunities in this generation is: 36
Best solution in generation 70 is: x = [46, 72, 48, 46, 20, 35, 8, 75, 28, 38, 65, 46, 42, 7, 17, 43, 46, 70, 11, 21, 53, 46, 46, 66, 46, 55, 46, 72, 46, 46, 82, 75, 64, 106, 53, 46, 46, 46, 31, 46, 44, 31, 38, 33, 8, 37, 56, 46, 46, 46, 26, 0, 46, 55, 46, 46, 73, 46, 46, 53, 46, 43, 28, 17, 39, 5, 46, 30, 46, 46, 46, 19, 55, 46, 76, 35] Modularity = 0.020724826388888878
Number of comunities in this generation is: 36
Best solution in generation 71 is: x = [46, 72, 48, 46, 20, 35, 8, 75, 28, 38, 65, 46, 42, 7, 17, 43, 46, 70, 11, 21, 53, 46, 46, 66, 46, 55, 46, 72, 46, 46, 82, 75, 64, 106, 53, 46, 46, 46, 31, 46, 44, 31, 38, 33, 8, 37, 56, 46, 46, 46, 26, 0, 46, 55, 46, 46, 73, 46, 46, 53, 46, 43, 28, 17, 39, 5, 46, 30, 46, 46, 46, 19, 55, 46, 76, 35] Modularity = 0.020724826388888878
Number of comunities in this generation is: 36
Best solution in generation 72 is: x = [46, 72, 48, 46, 20, 35, 8, 75, 28, 38, 65, 46, 42, 7, 17, 43, 46, 70, 11, 21, 53, 46, 46, 66, 46, 55, 46, 72, 46, 46, 82, 75, 64, 106, 53, 46, 46, 46, 31, 46, 44, 31, 38, 33, 8, 37, 56, 46, 46, 46, 26, 0, 46, 55, 46, 46, 73, 46, 46, 53, 46, 43, 28, 17, 39, 5, 46, 30, 46, 46, 46, 19, 55, 46, 76, 35] Modularity = 0.020724826388888878
Number of comunities in this generation is: 36
Best solution in generation 73 is: x = [46, 18, 48, 46, 60, 35, 8, 48, 42, 38, 17, 46, 63, 7, 17, 51, 46, 70, 46, 46, 55, 46, 46, 62, 46, 55, 46, 72, 46, 46, 74, 36, 87, 86, 46, 46, 19, 46, 31, 46, 44, 31, 38, 33, 8, 37, 39, 46, 46, 46, 26, 21, 46, 55, 39, 46, 73, 46, 46, 53, 46, 43, 28, 17, 39, 5, 46, 30, 46, 46, 46, 19, 55, 46, 76, 35] Modularity = 0.031141493055555542
Number of comunities in this generation is: 35
Best solution in generation 74 is: x = [46, 18, 48, 46, 60, 35, 8, 48, 42, 38, 17, 46, 63, 7, 17, 51, 46, 70, 46, 46, 55, 46, 46, 62, 46, 55, 46, 72, 46, 46, 74, 36, 87, 86, 46, 46, 19, 46, 31, 46, 44, 31, 38, 33, 8, 37, 39, 46, 46, 46, 26, 21, 46, 55, 39, 46, 73, 46, 46, 53, 46, 43, 28, 17, 39, 5, 46, 30, 46, 46, 46, 19, 55, 46, 76, 35] Modularity = 0.031141493055555542
Number of comunities in this generation is: 35
Best solution in generation 75 is: x = [46, 18, 48, 46, 60, 35, 8, 48, 42, 38, 17, 46, 63, 7, 17, 51, 46, 70, 46, 46, 55, 46, 46, 62, 46, 55, 46, 72, 46, 46, 74, 36, 87, 86, 46, 46, 19, 46, 31, 46, 44, 31, 38, 33, 8, 37, 39, 46, 46, 46, 26, 21, 46, 55, 39, 46, 73, 46, 46, 53, 46, 43, 28, 17, 39, 5, 46, 30, 46, 46, 46, 19, 55, 46, 76, 35] Modularity = 0.031141493055555542
Number of comunities in this generation is: 35
Best solution in generation 76 is: x = [46, 30, 46, 46, 26, 35, 75, 48, 42, 27, 17, 46, 63, 7, 17, 51, 46, 58, 73, 21, 55, 46, 46, 66, 46, 55, 46, 72, 46, 46, 82, 75, 64, 106, 53, 46, 46, 46, 40, 46, 33, 43, 38, 29, 27, 85, 40, 46, 46, 46, 26, 0, 46, 55, 46, 46, 73, 46, 46, 53, 46, 43, 28, 46, 58, 5, 46, 30, 46, 46, 46, 26, 55, 46, 76, 35] Modularity = 0.04155815972222221
Number of comunities in this generation is: 32
Best solution in generation 77 is: x = [46, 30, 46, 46, 26, 35, 75, 48, 42, 27, 17, 46, 63, 7, 17, 51, 46, 58, 73, 21, 55, 46, 46, 66, 46, 55, 46, 72, 46, 46, 82, 75, 64, 106, 53, 46, 46, 46, 40, 46, 33, 43, 38, 29, 27, 85, 40, 46, 46, 46, 26, 0, 46, 55, 46, 46, 73, 46, 46, 53, 46, 43, 28, 46, 58, 5, 46, 30, 46, 46, 46, 26, 55, 46, 76, 35] Modularity = 0.04155815972222221
Number of comunities in this generation is: 32
Best solution in generation 78 is: x = [46, 35, 46, 46, 28, 35, 8, 75, 28, 38, 65, 46, 34, 7, 31, 43, 46, 70, 46, 46, 55, 46, 46, 66, 46, 55, 46, 72, 46, 46, 82, 45, 64, 47, 53, 46, 46, 46, 31, 46, 44, 62, 38, 29, 27, 85, 40, 46, 46, 46, 26, 0, 46, 55, 46, 46, 73, 46, 46, 53, 46, 43, 28, 46, 39, 5, 46, 33, 46, 46, 46, 19, 55, 46, 15, 33] Modularity = 0.062391493055555546
Number of comunities in this generation is: 34
Best solution in generation 79 is: x = [46, 35, 46, 46, 28, 35, 8, 75, 28, 38, 65, 46, 34, 7, 31, 43, 46, 70, 46, 46, 55, 46, 46, 66, 46, 55, 46, 72, 46, 46, 82, 45, 64, 47, 53, 46, 46, 46, 31, 46, 44, 62, 38, 29, 27, 85, 40, 46, 46, 46, 26, 0, 46, 55, 46, 46, 73, 46, 46, 53, 46, 43, 28, 46, 39, 5, 46, 33, 46, 46, 46, 19, 55, 46, 15, 33] Modularity = 0.062391493055555546
Number of comunities in this generation is: 34
Best solution in generation 80 is: x = [46, 35, 46, 46, 28, 35, 8, 75, 28, 38, 65, 46, 34, 7, 31, 43, 46, 70, 46, 46, 55, 46, 46, 66, 46, 55, 46, 72, 46, 46, 82, 45, 64, 47, 53, 46, 46, 46, 31, 46, 44, 62, 38, 29, 27, 85, 40, 46, 46, 46, 26, 0, 46, 55, 46, 46, 73, 46, 46, 53, 46, 43, 28, 46, 39, 5, 46, 33, 46, 46, 46, 19, 55, 46, 15, 33] Modularity = 0.062391493055555546
Number of comunities in this generation is: 34
Best solution in generation 81 is: x = [46, 30, 46, 46, 26, 35, 75, 30, 42, 27, 17, 46, 39, 7, 17, 51, 46, 70, 46, 46, 55, 46, 46, 62, 46, 55, 46, 72, 46, 46, 74, 36, 87, 86, 46, 46, 46, 46, 42, 46, -27, 43, 38, 64, 8, 37, 56, 46, 46, 46, 26, 0, 46, 55, 46, 46, 73, 46, 46, 53, 46, 43, 28, 17, 46, 5, 46, 30, 46, 46, 46, 19, 51, 46, 76, 35] Modularity = 0.07280815972222221
Number of comunities in this generation is: 33
Best solution in generation 82 is: x = [46, 30, 46, 46, 26, 35, 75, 30, 42, 27, 17, 46, 39, 7, 17, 51, 46, 70, 46, 46, 55, 46, 46, 62, 46, 55, 46, 72, 46, 46, 74, 36, 87, 86, 46, 46, 46, 46, 42, 46, -27, 43, 38, 64, 8, 37, 56, 46, 46, 46, 26, 0, 46, 55, 46, 46, 73, 46, 46, 53, 46, 43, 28, 17, 46, 5, 46, 30, 46, 46, 46, 19, 51, 46, 76, 35] Modularity = 0.07280815972222221
Number of comunities in this generation is: 33
Best solution in generation 83 is: x = [46, 30, 46, 46, 26, 35, 75, 30, 42, 27, 17, 46, 39, 7, 17, 51, 46, 70, 46, 46, 55, 46, 46, 62, 46, 55, 46, 72, 46, 46, 74, 36, 87, 86, 46, 46, 46, 46, 42, 46, -27, 43, 38, 64, 8, 37, 56, 46, 46, 46, 26, 0, 46, 55, 46, 46, 73, 46, 46, 53, 46, 43, 28, 17, 46, 5, 46, 30, 46, 46, 46, 19, 51, 46, 76, 35] Modularity = 0.07280815972222221
Number of comunities in this generation is: 33
Best solution in generation 84 is: x = [46, 30, 46, 46, 26, 35, 75, 30, 42, 27, 17, 46, 39, 7, 17, 51, 46, 70, 46, 46, 55, 46, 46, 62, 46, 55, 46, 72, 46, 46, 74, 36, 87, 86, 46, 46, 46, 46, 42, 46, -27, 43, 38, 64, 8, 37, 56, 46, 46, 46, 26, 0, 46, 55, 46, 46, 73, 46, 46, 53, 46, 43, 28, 17, 46, 5, 46, 30, 46, 46, 46, 19, 51, 46, 76, 35] Modularity = 0.07280815972222221
Number of comunities in this generation is: 33
Best solution in generation 85 is: x = [46, 30, 46, 46, 26, 35, 75, 30, 42, 27, 17, 46, 39, 7, 17, 51, 46, 70, 46, 46, 55, 46, 46, 62, 46, 55, 46, 72, 46, 46, 74, 36, 87, 86, 46, 46, 46, 46, 42, 46, -27, 43, 38, 64, 8, 37, 56, 46, 46, 46, 26, 0, 46, 55, 46, 46, 73, 46, 46, 53, 46, 43, 28, 17, 46, 5, 46, 30, 46, 46, 46, 19, 51, 46, 76, 35] Modularity = 0.07280815972222221
Number of comunities in this generation is: 33
Best solution in generation 86 is: x = [46, 30, 46, 46, 26, 32, 75, 48, 42, 62, 23, 46, 63, 7, 17, 51, 46, 70, 46, 46, 55, 46, 46, 62, 46, 49, 46, 72, 46, 46, 82, 64, 64, 27, 18, 46, 46, 46, 31, 46, 33, 43, 38, 29, 8, 37, 40, 46, 46, 46, 26, 46, 46, 55, 46, 46, 73, 46, 46, 53, 46, 43, 46, 46, 58, 34, 46, 32, 46, 46, 46, 26, 55, 46, 76, 49] Modularity = 0.08322482638888888
Number of comunities in this generation is: 34
Best solution in generation 87 is: x = [46, 30, 46, 46, 26, 32, 75, 48, 42, 62, 23, 46, 63, 7, 17, 51, 46, 70, 46, 46, 55, 46, 46, 62, 46, 49, 46, 72, 46, 46, 82, 64, 64, 27, 18, 46, 46, 46, 31, 46, 33, 43, 38, 29, 8, 37, 40, 46, 46, 46, 26, 46, 46, 55, 46, 46, 73, 46, 46, 53, 46, 43, 46, 46, 58, 34, 46, 32, 46, 46, 46, 26, 55, 46, 76, 49] Modularity = 0.08322482638888888
Number of comunities in this generation is: 34
Best solution in generation 88 is: x = [46, 30, 46, 46, 26, 0, 47, 48, 42, 38, 17, 46, 46, 7, 17, 51, 46, 70, 46, 46, 55, 46, 46, 62, 46, 49, 46, 72, 46, 46, 82, 64, 64, 27, 18, 46, 46, 46, 31, 46, 33, 43, 38, 29, 8, 37, 33, 46, 46, 46, 26, 46, 46, 55, 46, 46, 73, 46, 46, 53, 46, 43, 46, 46, 58, 34, 46, 32, 46, 46, 46, 26, 30, 46, 76, 35] Modularity = 0.09364149305555554
Number of comunities in this generation is: 33
Best solution in generation 89 is: x = [46, 30, 46, 46, 26, 0, 47, 48, 42, 38, 17, 46, 46, 7, 17, 51, 46, 70, 46, 46, 55, 46, 46, 62, 46, 49, 46, 72, 46, 46, 82, 64, 64, 27, 18, 46, 46, 46, 31, 46, 33, 43, 38, 29, 8, 37, 33, 46, 46, 46, 26, 46, 46, 55, 46, 46, 73, 46, 46, 53, 46, 43, 46, 46, 58, 34, 46, 32, 46, 46, 46, 26, 30, 46, 76, 35] Modularity = 0.09364149305555554
Number of comunities in this generation is: 33
Best solution in generation 90 is: x = [46, 30, 46, 46, 26, 0, 47, 48, 42, 38, 17, 46, 46, 7, 17, 51, 46, 70, 46, 46, 55, 46, 46, 62, 46, 49, 46, 72, 46, 46, 82, 64, 64, 27, 18, 46, 46, 46, 31, 46, 33, 43, 38, 29, 8, 37, 33, 46, 46, 46, 26, 46, 46, 55, 46, 46, 73, 46, 46, 53, 46, 43, 46, 46, 58, 34, 46, 32, 46, 46, 46, 26, 30, 46, 76, 35] Modularity = 0.09364149305555554
Number of comunities in this generation is: 33
Best solution in generation 91 is: x = [46, 30, 46, 46, 26, 0, 47, 48, 42, 38, 17, 46, 46, 7, 17, 51, 46, 70, 46, 46, 55, 46, 46, 62, 46, 55, 46, 72, 46, 46, 74, 36, 87, 86, 46, 46, 46, 46, 42, 46, -27, 46, 51, 64, 8, 85, 50, 46, 46, 46, 5, 46, 46, 55, 46, 46, 73, 46, 46, 53, 46, 43, 46, 56, 58, 34, 46, 32, 46, 46, 46, 26, 30, 46, 76, 35] Modularity = 0.10405815972222221
Number of comunities in this generation is: 34
Best solution in generation 92 is: x = [46, 30, 46, 46, 26, 0, 47, 48, 42, 38, 17, 46, 46, 7, 17, 51, 46, 70, 46, 46, 55, 46, 46, 62, 46, 55, 46, 72, 46, 46, 74, 36, 87, 86, 46, 46, 46, 46, 42, 46, -27, 46, 51, 64, 8, 85, 50, 46, 46, 46, 5, 46, 46, 55, 46, 46, 73, 46, 46, 53, 46, 43, 46, 56, 58, 34, 46, 32, 46, 46, 46, 26, 30, 46, 76, 35] Modularity = 0.10405815972222221
Number of comunities in this generation is: 34
Best solution in generation 93 is: x = [46, 30, 46, 46, 26, 0, 47, 48, 42, 38, 17, 46, 46, 7, 17, 51, 46, 70, 46, 46, 55, 46, 46, 62, 46, 55, 46, 72, 46, 46, 74, 36, 87, 86, 46, 46, 46, 46, 42, 46, -27, 46, 51, 64, 8, 85, 50, 46, 46, 46, 5, 46, 46, 55, 46, 46, 73, 46, 46, 53, 46, 43, 46, 56, 58, 34, 46, 32, 46, 46, 46, 26, 30, 46, 76, 35] Modularity = 0.10405815972222221
Number of comunities in this generation is: 34
Best solution in generation 94 is: x = [46, 30, 46, 46, 26, 5, 75, 48, 42, 38, 46, 46, 46, 7, 17, 51, 46, 70, 46, 46, 55, 46, 46, 62, 46, 55, 46, 72, 46, 46, 74, 46, 87, 86, 46, 46, 46, 46, 42, 46, -27, 46, 51, 64, 8, 85, 50, 46, 46, 46, 5, 0, 46, 91, 46, 46, 73, 46, 46, 50, 46, 43, 46, 46, 58, 34, 46, 32, 51, 46, 46, 46, 55, 46, 76, 35] Modularity = 0.11447482638888888
Number of comunities in this generation is: 32
Best solution in generation 95 is: x = [46, 30, 46, 46, 26, 32, 75, 48, 42, 38, 46, 46, 46, 7, 17, 51, 46, 74, 46, 46, 55, 46, 46, 62, 46, 55, 46, 72, 46, 46, 74, 46, 87, 86, 46, 46, 46, 46, 42, 46, -27, 46, 51, 64, 8, 85, 50, 46, 46, 46, 26, 46, 46, 55, 46, 46, 73, 46, 46, 53, 46, 57, 46, 46, 42, 34, 46, 32, 46, 46, 46, 26, 30, 46, 76, 35] Modularity = 0.12489149305555554
Number of comunities in this generation is: 28
Best solution in generation 96 is: x = [46, 30, 46, 46, 26, 32, 75, 48, 42, 38, 46, 46, 46, 7, 17, 51, 46, 74, 46, 46, 55, 46, 46, 62, 46, 55, 46, 72, 46, 46, 74, 46, 87, 86, 46, 46, 46, 46, 42, 46, -27, 46, 51, 64, 8, 85, 50, 46, 46, 46, 26, 46, 46, 55, 46, 46, 73, 46, 46, 53, 46, 57, 46, 46, 42, 34, 46, 32, 46, 46, 46, 26, 30, 46, 76, 35] Modularity = 0.12489149305555554
Number of comunities in this generation is: 28
Best solution in generation 97 is: x = [46, 30, 46, 46, 26, 32, 75, 48, 42, 38, 46, 46, 46, 7, 17, 51, 46, 74, 46, 46, 55, 46, 46, 62, 46, 55, 46, 72, 46, 46, 74, 46, 87, 86, 46, 46, 46, 46, 42, 46, -27, 46, 51, 64, 8, 85, 50, 46, 46, 46, 26, 46, 46, 55, 46, 46, 73, 46, 46, 53, 46, 57, 46, 46, 42, 34, 46, 32, 46, 46, 46, 26, 30, 46, 76, 35] Modularity = 0.12489149305555554
Number of comunities in this generation is: 28
Best solution in generation 98 is: x = [46, 30, 72, 46, 26, 32, 75, 48, 42, 28, 46, 46, 46, 7, 17, 51, 46, 70, 46, 46, 55, 46, 46, 44, 46, 46, 46, 46, 46, 46, 29, 46, 87, 86, 46, 46, 46, 46, 42, 46, -27, 46, 51, 64, 8, 85, 50, 46, 46, 46, 26, 46, 46, 55, 46, 46, 73, 46, 46, 53, 46, 43, 46, 46, 42, 34, 46, 32, 46, 46, 46, 28, 30, 46, 76, 35] Modularity = 0.1353081597222222
Number of comunities in this generation is: 29
Best solution in generation 99 is: x = [46, 30, 72, 46, 26, 32, 75, 48, 42, 28, 46, 46, 46, 7, 17, 51, 46, 70, 46, 46, 55, 46, 46, 44, 46, 46, 46, 46, 46, 46, 29, 46, 87, 86, 46, 46, 46, 46, 42, 46, -27, 46, 51, 64, 8, 85, 50, 46, 46, 46, 26, 46, 46, 55, 46, 46, 73, 46, 46, 53, 46, 43, 46, 46, 42, 34, 46, 32, 46, 46, 46, 28, 30, 46, 76, 35] Modularity = 0.1353081597222222
Number of comunities in this generation is: 29

Number of comunities: 29
Best solution:
[46, 30, 72, 46, 26, 32, 75, 48, 42, 28, 46, 46, 46, 7, 17, 51, 46, 70, 46, 46, 55, 46, 46, 44, 46, 46, 46, 46, 46, 46, 29, 46, 87, 86, 46, 46, 46, 46, 42, 46, -27, 46, 51, 64, 8, 85, 50, 46, 46, 46, 26, 46, 46, 55, 46, 46, 73, 46, 46, 53, 46, 43, 46, 46, 42, 34, 46, 32, 46, 46, 46, 28, 30, 46, 76, 35]
0.1353081597222222
